<?xml version="1.0" encoding="UTF-8"?>
<testsuites>
  <testsuite name="Tests\Feature\AdminPaymentValidationTest" file="/Users/Apple/Desktop/dev_folder/Dev_project/test.kiro2/leadership-summit-laravel/tests/Feature/AdminPaymentValidationTest.php" tests="9" assertions="14" errors="3" failures="6" skipped="0" time="14.517695">
    <testcase name="admin_can_configure_unipayment_settings" file="/Users/Apple/Desktop/dev_folder/Dev_project/test.kiro2/leadership-summit-laravel/tests/Feature/AdminPaymentValidationTest.php" line="49" class="Tests\Feature\AdminPaymentValidationTest" classname="Tests.Feature.AdminPaymentValidationTest" assertions="4" time="1.480245">
      <failure type="PHPUnit\Framework\ExpectationFailedException">Tests\Feature\AdminPaymentValidationTest::admin_can_configure_unipayment_settings
Expected response status code [201, 301, 302, 303, 307, 308] but received 405.
Failed asserting that false is true.

/Users/Apple/Desktop/dev_folder/Dev_project/test.kiro2/leadership-summit-laravel/vendor/laravel/framework/src/Illuminate/Testing/TestResponse.php:173
/Users/Apple/Desktop/dev_folder/Dev_project/test.kiro2/leadership-summit-laravel/tests/Feature/AdminPaymentValidationTest.php:73</failure>
    </testcase>
    <testcase name="admin_can_view_payment_transactions" file="/Users/Apple/Desktop/dev_folder/Dev_project/test.kiro2/leadership-summit-laravel/tests/Feature/AdminPaymentValidationTest.php" line="85" class="Tests\Feature\AdminPaymentValidationTest" classname="Tests.Feature.AdminPaymentValidationTest" assertions="3" time="1.366674">
      <failure type="PHPUnit\Framework\ExpectationFailedException">Tests\Feature\AdminPaymentValidationTest::admin_can_view_payment_transactions
Failed asserting that '&lt;!doctype html&gt;\n
&lt;html lang="en"&gt;\n
\n
&lt;head&gt;\n
    &lt;meta charset="utf-8"&gt;\n
    &lt;meta name="viewport" content="width=device-width, initial-scale=1, maximum-scale=5"&gt;\n
    &lt;meta http-equiv="X-UA-Compatible" content="IE=edge"&gt;\n
    &lt;link rel="profile" href="https://gmpg.org/xfn/11"&gt;\n
\n
    &lt;!-- CSRF Token --&gt;\n
    &lt;meta name="csrf-token" content="254fSE7j893mVZfTGYjSkm7JIveow22rqxfRnl1l"&gt;\n
\n
    &lt;!-- SEO Meta Tags --&gt;\n
    &lt;title&gt;UniPayment Transactions - Leadership Summit&lt;/title&gt;\n
    &lt;meta name="description" content="Admin dashboard for Leadership Summit"&gt;\n
    &lt;meta name="robots" content="noindex, nofollow"&gt;\n
\n
    &lt;!-- Favicon --&gt;\n
    &lt;link rel="icon" type="image/svg+xml" href="http://localhost:8000/images/favicon.svg"&gt;\n
    &lt;link rel="icon" type="image/png" href="http://localhost:8000/images/favicon.png"&gt;\n
\n
    &lt;!-- Preconnect to external domains --&gt;\n
    &lt;link rel="preconnect" href="https://fonts.googleapis.com"&gt;\n
    &lt;link rel="preconnect" href="https://fonts.gstatic.com" crossorigin&gt;\n
    &lt;link rel="preconnect" href="https://cdnjs.cloudflare.com"&gt;\n
\n
    &lt;!-- Fonts --&gt;\n
    &lt;link href="https://fonts.googleapis.com/css2?family=Open+Sans:wght@300;400;600;700&amp;family=Montserrat:wght@400;600;700&amp;display=swap" rel="stylesheet"&gt;\n
\n
    &lt;!-- Font Awesome --&gt;\n
    &lt;link rel="stylesheet" href="https://cdnjs.cloudflare.com/ajax/libs/font-awesome/6.4.0/css/all.min.css" integrity="sha512-iecdLmaskl7CVkqkXNQ/ZH/XLlvWZOJyj7Yy7tcenmpD1ypASozpmT/E0iPtmFIB46ZmdtAc9eNBvH0H/ZpiBw==" crossorigin="anonymous" referrerpolicy="no-referrer"&gt;\n
\n
    &lt;!-- Theme Color --&gt;\n
    &lt;meta name="theme-color" content="#0a2463"&gt;\n
\n
    &lt;!-- Scripts --&gt;\n
    &lt;link rel="preload" as="style" href="http://localhost:8000/build/assets/app-f14c5841.css" /&gt;&lt;link rel="modulepreload" href="http://localhost:8000/build/assets/app-81a400a8.js" /&gt;&lt;link rel="stylesheet" href="http://localhost:8000/build/assets/app-f14c5841.css" data-navigate-track="reload" /&gt;&lt;script type="module" src="http://localhost:8000/build/assets/app-81a400a8.js" data-navigate-track="reload"&gt;&lt;/script&gt;\n
    \n
    &lt;style&gt;\n
        /* Admin-specific styles */\n
        .admin-layout {\n
            display: flex;\n
            min-height: 100vh;\n
        }\n
\n
        .admin-sidebar {\n
            width: 280px;\n
            background: var(--primary-color);\n
            color: white;\n
            position: fixed;\n
            height: 100vh;\n
            overflow-y: auto;\n
            z-index: 1000;\n
            transition: transform 0.3s ease;\n
        }\n
\n
        .admin-sidebar.collapsed {\n
            transform: translateX(-100%);\n
        }\n
\n
        .admin-main {\n
            flex: 1;\n
            margin-left: 280px;\n
            background: #f8fafc;\n
            min-height: 100vh;\n
            transition: margin-left 0.3s ease;\n
        }\n
\n
        .admin-main.expanded {\n
            margin-left: 0;\n
        }\n
\n
        .admin-header {\n
            background: white;\n
            padding: 1rem 2rem;\n
            border-bottom: 1px solid #e5e7eb;\n
            display: flex;\n
            justify-content: between;\n
            align-items: center;\n
            position: sticky;\n
            top: 0;\n
            z-index: 100;\n
        }\n
\n
        .admin-content {\n
            padding: 2rem;\n
        }\n
\n
        .sidebar-header {\n
            padding: 1.5rem;\n
            border-bottom: 1px solid rgba(255, 255, 255, 0.1);\n
        }\n
\n
        .sidebar-brand {\n
            font-size: 1.25rem;\n
            font-weight: 700;\n
            color: white;\n
            text-decoration: none;\n
            display: flex;\n
            align-items: center;\n
            gap: 0.75rem;\n
        }\n
\n
        .sidebar-brand:hover {\n
            color: var(--secondary-color);\n
            text-decoration: none;\n
        }\n
\n
        .sidebar-nav {\n
            padding: 1rem 0;\n
        }\n
\n
        .nav-section {\n
            margin-bottom: 2rem;\n
        }\n
\n
        .nav-section-title {\n
            padding: 0.5rem 1.5rem;\n
            font-size: 0.8rem;\n
            font-weight: 600;\n
            text-transform: uppercase;\n
            letter-spacing: 0.5px;\n
            color: rgba(255, 255, 255, 0.6);\n
            margin-bottom: 0.5rem;\n
        }\n
\n
        .nav-item {\n
            margin-bottom: 0.25rem;\n
        }\n
\n
        .nav-link {\n
            display: flex;\n
            align-items: center;\n
            padding: 0.75rem 1.5rem;\n
            color: rgba(255, 255, 255, 0.8);\n
            text-decoration: none;\n
            transition: all 0.3s ease;\n
            position: relative;\n
        }\n
\n
        .nav-link:hover,\n
        .nav-link.active {\n
            color: white;\n
            background: rgba(255, 255, 255, 0.1);\n
            text-decoration: none;\n
        }\n
\n
        .nav-link.active::before {\n
            content: '';\n
            position: absolute;\n
            left: 0;\n
            top: 0;\n
            bottom: 0;\n
            width: 4px;\n
            background: var(--secondary-color);\n
        }\n
\n
        .nav-link i {\n
            width: 20px;\n
            margin-right: 0.75rem;\n
            font-size: 1rem;\n
        }\n
\n
        .nav-badge {\n
            background: var(--secondary-color);\n
            color: var(--primary-color);\n
            font-size: 0.75rem;\n
            padding: 0.25rem 0.5rem;\n
            border-radius: 50px;\n
            margin-left: auto;\n
            font-weight: 600;\n
        }\n
\n
        .mobile-toggle {\n
            display: none;\n
            background: none;\n
            border: none;\n
            color: var(--primary-color);\n
            font-size: 1.5rem;\n
            cursor: pointer;\n
        }\n
\n
        .admin-breadcrumb {\n
            background: transparent;\n
            padding: 0;\n
            margin-bottom: 1rem;\n
        }\n
\n
        .admin-breadcrumb .breadcrumb {\n
            background: transparent;\n
            padding: 0;\n
            margin: 0;\n
        }\n
\n
        .admin-breadcrumb .breadcrumb-item {\n
            font-size: 0.9rem;\n
        }\n
\n
        .admin-breadcrumb .breadcrumb-item+.breadcrumb-item::before {\n
            content: "&gt;";\n
            color: #6b7280;\n
        }\n
\n
        .page-header {\n
            display: flex;\n
            justify-content: space-between;\n
            align-items: center;\n
            margin-bottom: 2rem;\n
        }\n
\n
        .page-title {\n
            font-size: 2rem;\n
            font-weight: 700;\n
            color: var(--primary-color);\n
            margin: 0;\n
        }\n
\n
        .page-actions {\n
            display: flex;\n
            gap: 1rem;\n
        }\n
\n
        .stats-grid {\n
            display: grid;\n
            grid-template-columns: repeat(auto-fit, minmax(250px, 1fr));\n
            gap: 1.5rem;\n
            margin-bottom: 2rem;\n
        }\n
\n
        .stat-card {\n
            background: white;\n
            padding: 1.5rem;\n
            border-radius: 0.5rem;\n
            box-shadow: 0 1px 3px rgba(0, 0, 0, 0.1);\n
            border-left: 4px solid var(--primary-color);\n
        }\n
\n
        .stat-card.success {\n
            border-left-color: #10b981;\n
        }\n
\n
        .stat-card.warning {\n
            border-left-color: #f59e0b;\n
        }\n
\n
        .stat-card.danger {\n
            border-left-color: #ef4444;\n
        }\n
\n
        .stat-card.info {\n
            border-left-color: #3b82f6;\n
        }\n
\n
        .stat-header {\n
            display: flex;\n
            justify-content: space-between;\n
            align-items: center;\n
            margin-bottom: 0.5rem;\n
        }\n
\n
        .stat-title {\n
            font-size: 0.9rem;\n
            color: #6b7280;\n
            font-weight: 500;\n
        }\n
\n
        .stat-icon {\n
            width: 40px;\n
            height: 40px;\n
            border-radius: 50%;\n
            display: flex;\n
            align-items: center;\n
            justify-content: center;\n
            font-size: 1.2rem;\n
            color: white;\n
        }\n
\n
        .stat-icon.success {\n
            background: #10b981;\n
        }\n
\n
        .stat-icon.warning {\n
            background: #f59e0b;\n
        }\n
\n
        .stat-icon.danger {\n
            background: #ef4444;\n
        }\n
\n
        .stat-icon.info {\n
            background: #3b82f6;\n
        }\n
\n
        .stat-value {\n
            font-size: 2rem;\n
            font-weight: 700;\n
            color: var(--primary-color);\n
            margin-bottom: 0.25rem;\n
        }\n
\n
        .stat-change {\n
            font-size: 0.8rem;\n
            display: flex;\n
            align-items: center;\n
            gap: 0.25rem;\n
        }\n
\n
        .stat-change.positive {\n
            color: #10b981;\n
        }\n
\n
        .stat-change.negative {\n
            color: #ef4444;\n
        }\n
\n
        .stat-change.neutral {\n
            color: #6b7280;\n
        }\n
\n
        .admin-card {\n
            background: white;\n
            border-radius: 0.5rem;\n
            box-shadow: 0 1px 3px rgba(0, 0, 0, 0.1);\n
            overflow: hidden;\n
        }\n
\n
        .admin-card-header {\n
            padding: 1.5rem;\n
            border-bottom: 1px solid #e5e7eb;\n
            display: flex;\n
            justify-content: space-between;\n
            align-items: center;\n
        }\n
\n
        .admin-card-title {\n
            font-size: 1.25rem;\n
            font-weight: 600;\n
            color: var(--primary-color);\n
            margin: 0;\n
        }\n
\n
        .admin-card-body {\n
            padding: 1.5rem;\n
        }\n
\n
        @media (max-width: 768px) {\n
            .admin-sidebar {\n
                transform: translateX(-100%);\n
            }\n
\n
            .admin-sidebar.show {\n
                transform: translateX(0);\n
            }\n
\n
            .admin-main {\n
                margin-left: 0;\n
            }\n
\n
            .mobile-toggle {\n
                display: block;\n
            }\n
\n
            .page-header {\n
                flex-direction: column;\n
                align-items: flex-start;\n
                gap: 1rem;\n
            }\n
\n
            .stats-grid {\n
                grid-template-columns: 1fr;\n
            }\n
        }\n
    &lt;/style&gt;\n
&lt;/head&gt;\n
\n
&lt;body class="admin-body"&gt;\n
    &lt;div class="admin-layout"&gt;\n
        &lt;!-- Admin Sidebar --&gt;\n
        &lt;aside class="admin-sidebar" id="adminSidebar"&gt;\n
            &lt;div class="sidebar-header"&gt;\n
                &lt;a href="http://localhost:8000/admin" class="sidebar-brand"&gt;\n
                    &lt;i class="fas fa-cog" aria-hidden="true"&gt;&lt;/i&gt;\n
                    Admin Panel\n
                &lt;/a&gt;\n
            &lt;/div&gt;\n
\n
            &lt;nav class="sidebar-nav"&gt;\n
                &lt;div class="nav-section"&gt;\n
                    &lt;div class="nav-section-title"&gt;Main&lt;/div&gt;\n
                    &lt;div class="nav-item"&gt;\n
                        &lt;a href="http://localhost:8000/admin" class="nav-link "&gt;\n
                            &lt;i class="fas fa-tachometer-alt" aria-hidden="true"&gt;&lt;/i&gt;\n
                            Dashboard\n
                        &lt;/a&gt;\n
                    &lt;/div&gt;\n
                &lt;/div&gt;\n
\n
                &lt;div class="nav-section"&gt;\n
                    &lt;div class="nav-section-title"&gt;Events&lt;/div&gt;\n
                    &lt;div class="nav-item"&gt;\n
                        &lt;a href="http://localhost:8000/admin/events" class="nav-link "&gt;\n
                            &lt;i class="fas fa-calendar-alt" aria-hidden="true"&gt;&lt;/i&gt;\n
                            All Events\n
                                                    &lt;/a&gt;\n
                    &lt;/div&gt;\n
                    &lt;div class="nav-item"&gt;\n
                        &lt;a href="http://localhost:8000/admin/events/create" class="nav-link "&gt;\n
                            &lt;i class="fas fa-plus" aria-hidden="true"&gt;&lt;/i&gt;\n
                            Add Event\n
                        &lt;/a&gt;\n
                    &lt;/div&gt;\n
                    &lt;div class="nav-item"&gt;\n
                        &lt;a href="http://localhost:8000/admin/tickets" class="nav-link "&gt;\n
                            &lt;i class="fas fa-ticket-alt" aria-hidden="true"&gt;&lt;/i&gt;\n
                            Tickets\n
                        &lt;/a&gt;\n
                    &lt;/div&gt;\n
                &lt;/div&gt;\n
\n
                &lt;div class="nav-section"&gt;\n
                    &lt;div class="nav-section-title"&gt;Speakers&lt;/div&gt;\n
                    &lt;div class="nav-item"&gt;\n
                        &lt;a href="http://localhost:8000/admin/speakers" class="nav-link "&gt;\n
                            &lt;i class="fas fa-users" aria-hidden="true"&gt;&lt;/i&gt;\n
                            All Speakers\n
                        &lt;/a&gt;\n
                    &lt;/div&gt;\n
                    &lt;div class="nav-item"&gt;\n
                        &lt;a href="http://localhost:8000/admin/speakers/create" class="nav-link "&gt;\n
                            &lt;i class="fas fa-user-plus" aria-hidden="true"&gt;&lt;/i&gt;\n
                            Add Speaker\n
                        &lt;/a&gt;\n
                    &lt;/div&gt;\n
                    &lt;div class="nav-item"&gt;\n
                        &lt;a href="http://localhost:8000/admin/sessions" class="nav-link "&gt;\n
                            &lt;i class="fas fa-presentation" aria-hidden="true"&gt;&lt;/i&gt;\n
                            Sessions\n
                        &lt;/a&gt;\n
                    &lt;/div&gt;\n
                &lt;/div&gt;\n
\n
                &lt;div class="nav-section"&gt;\n
                    &lt;div class="nav-section-title"&gt;Users&lt;/div&gt;\n
                    &lt;div class="nav-item"&gt;\n
                        &lt;a href="http://localhost:8000/admin/users" class="nav-link "&gt;\n
                            &lt;i class="fas fa-users-cog" aria-hidden="true"&gt;&lt;/i&gt;\n
                            All Users\n
                        &lt;/a&gt;\n
                    &lt;/div&gt;\n
                    &lt;div class="nav-item"&gt;\n
                        &lt;a href="http://localhost:8000/admin/registrations" class="nav-link "&gt;\n
                            &lt;i class="fas fa-clipboard-list" aria-hidden="true"&gt;&lt;/i&gt;\n
                            Registrations\n
                                                    &lt;/a&gt;\n
                    &lt;/div&gt;\n
                    &lt;div class="nav-item"&gt;\n
                        &lt;a href="http://localhost:8000/admin/payments/pending" class="nav-link "&gt;\n
                            &lt;i class="fas fa-credit-card" aria-hidden="true"&gt;&lt;/i&gt;\n
                            Payment Review\n
                                                    &lt;/a&gt;\n
                    &lt;/div&gt;\n
                    &lt;div class="nav-item"&gt;\n
                        &lt;a href="http://localhost:8000/admin/roles" class="nav-link "&gt;\n
                            &lt;i class="fas fa-user-shield" aria-hidden="true"&gt;&lt;/i&gt;\n
                            Roles &amp; Permissions\n
                        &lt;/a&gt;\n
                    &lt;/div&gt;\n
                &lt;/div&gt;\n
\n
                &lt;div class="nav-section"&gt;\n
                    &lt;div class="nav-section-title"&gt;Content&lt;/div&gt;\n
                    &lt;div class="nav-item"&gt;\n
                        &lt;a href="http://localhost:8000/admin/pages" class="nav-link "&gt;\n
                            &lt;i class="fas fa-file-alt" aria-hidden="true"&gt;&lt;/i&gt;\n
                            Pages\n
                        &lt;/a&gt;\n
                    &lt;/div&gt;\n
                    &lt;div class="nav-item"&gt;\n
                        &lt;a href="http://localhost:8000/admin/media" class="nav-link "&gt;\n
                            &lt;i class="fas fa-images" aria-hidden="true"&gt;&lt;/i&gt;\n
                            Media Library\n
                        &lt;/a&gt;\n
                    &lt;/div&gt;\n
                &lt;/div&gt;\n
\n
                &lt;div class="nav-section"&gt;\n
                    &lt;div class="nav-section-title"&gt;System&lt;/div&gt;\n
                    &lt;div class="nav-item"&gt;\n
                        &lt;a href="http://localhost:8000/admin/settings" class="nav-link "&gt;\n
                            &lt;i class="fas fa-cogs" aria-hidden="true"&gt;&lt;/i&gt;\n
                            Settings\n
                        &lt;/a&gt;\n
                    &lt;/div&gt;\n
                    &lt;div class="nav-item"&gt;\n
                        &lt;a href="http://localhost:8000/admin/unipayment" class="nav-link active"&gt;\n
                            &lt;i class="fas fa-credit-card" aria-hidden="true"&gt;&lt;/i&gt;\n
                            Card Payments\n
                        &lt;/a&gt;\n
                    &lt;/div&gt;\n
                    &lt;div class="nav-item"&gt;\n
                        &lt;a href="http://localhost:8000/admin/wallet-settings" class="nav-link "&gt;\n
                            &lt;i class="fas fa-wallet" aria-hidden="true"&gt;&lt;/i&gt;\n
                            Crypto Wallets\n
                        &lt;/a&gt;\n
                    &lt;/div&gt;\n
                    &lt;div class="nav-item"&gt;\n
                        &lt;a href="http://localhost:8000/admin/reports" class="nav-link "&gt;\n
                            &lt;i class="fas fa-chart-bar" aria-hidden="true"&gt;&lt;/i&gt;\n
                            Reports\n
                        &lt;/a&gt;\n
                    &lt;/div&gt;\n
                &lt;/div&gt;\n
\n
                &lt;div class="nav-section"&gt;\n
                    &lt;div class="nav-section-title"&gt;Account&lt;/div&gt;\n
                    &lt;div class="nav-item"&gt;\n
                        &lt;a href="http://localhost:8000" class="nav-link" target="_blank"&gt;\n
                            &lt;i class="fas fa-external-link-alt" aria-hidden="true"&gt;&lt;/i&gt;\n
                            View Site\n
                        &lt;/a&gt;\n
                    &lt;/div&gt;\n
                    &lt;div class="nav-item"&gt;\n
                        &lt;a href="http://localhost:8000/logout" class="nav-link"\n
                            onclick="event.preventDefault(); document.getElementById('logout-form').submit();"&gt;\n
                            &lt;i class="fas fa-sign-out-alt" aria-hidden="true"&gt;&lt;/i&gt;\n
                            Logout\n
                        &lt;/a&gt;\n
                        &lt;form id="logout-form" action="http://localhost:8000/logout" method="POST" class="d-none"&gt;\n
                            &lt;input type="hidden" name="_token" value="254fSE7j893mVZfTGYjSkm7JIveow22rqxfRnl1l" autocomplete="off"&gt;                        &lt;/form&gt;\n
                    &lt;/div&gt;\n
                &lt;/div&gt;\n
            &lt;/nav&gt;\n
        &lt;/aside&gt;\n
\n
        &lt;!-- Admin Main Content --&gt;\n
        &lt;main class="admin-main" id="adminMain"&gt;\n
            &lt;!-- Admin Header --&gt;\n
            &lt;header class="admin-header"&gt;\n
                &lt;div class="d-flex align-items-center"&gt;\n
                    &lt;button class="mobile-toggle me-3" id="sidebarToggle" aria-label="Toggle sidebar"&gt;\n
                        &lt;i class="fas fa-bars" aria-hidden="true"&gt;&lt;/i&gt;\n
                    &lt;/button&gt;\n
\n
                                        &lt;nav class="admin-breadcrumb"&gt;\n
                        &lt;ol class="breadcrumb"&gt;\n
                            &lt;li class="breadcrumb-item"&gt;\n
                                &lt;a href="http://localhost:8000/admin"&gt;Dashboard&lt;/a&gt;\n
                            &lt;/li&gt;\n
                                                    &lt;/ol&gt;\n
                    &lt;/nav&gt;\n
                                    &lt;/div&gt;\n
\n
                &lt;div class="d-flex align-items-center gap-3"&gt;\n
                    &lt;div class="dropdown"&gt;\n
                        &lt;button class="btn btn-outline-primary dropdown-toggle" type="button" data-bs-toggle="dropdown"&gt;\n
                            &lt;i class="fas fa-user me-2" aria-hidden="true"&gt;&lt;/i&gt;\n
                            Dr. Leland Ondricka PhD\n
                        &lt;/button&gt;\n
                        &lt;ul class="dropdown-menu dropdown-menu-end"&gt;\n
                            &lt;li&gt;\n
                                &lt;h6 class="dropdown-header"&gt;Dr. Leland Ondricka PhD&lt;/h6&gt;\n
                            &lt;/li&gt;\n
                            &lt;li&gt;&lt;a class="dropdown-item" href="http://localhost:8000/profile"&gt;\n
                                    &lt;i class="fas fa-user-edit me-2" aria-hidden="true"&gt;&lt;/i&gt;Profile\n
                                &lt;/a&gt;&lt;/li&gt;\n
                            &lt;li&gt;&lt;a class="dropdown-item" href="http://localhost:8000/admin/settings"&gt;\n
                                    &lt;i class="fas fa-cogs me-2" aria-hidden="true"&gt;&lt;/i&gt;Settings\n
                                &lt;/a&gt;&lt;/li&gt;\n
                            &lt;li&gt;\n
                                &lt;hr class="dropdown-divider"&gt;\n
                            &lt;/li&gt;\n
                            &lt;li&gt;&lt;a class="dropdown-item" href="http://localhost:8000/logout"\n
                                    onclick="event.preventDefault(); document.getElementById('logout-form-header').submit();"&gt;\n
                                    &lt;i class="fas fa-sign-out-alt me-2" aria-hidden="true"&gt;&lt;/i&gt;Logout\n
                                &lt;/a&gt;&lt;/li&gt;\n
                        &lt;/ul&gt;\n
                    &lt;/div&gt;\n
                &lt;/div&gt;\n
            &lt;/header&gt;\n
\n
            &lt;!-- Admin Content --&gt;\n
            &lt;div class="admin-content"&gt;\n
                &lt;!-- Flash Messages --&gt;\n
                \n
                \n
                \n
                &lt;div class="container-fluid"&gt;\n
    &lt;div class="row"&gt;\n
        &lt;div class="col-12"&gt;\n
            &lt;div class="card"&gt;\n
                &lt;div class="card-header d-flex justify-content-between align-items-center"&gt;\n
                    &lt;h3 class="card-title"&gt;\n
                        &lt;i class="fas fa-list mr-2"&gt;&lt;/i&gt;\n
                        UniPayment Transactions\n
                    &lt;/h3&gt;\n
                    &lt;div class="card-tools"&gt;\n
                        &lt;a href="http://localhost:8000/admin/unipayment" class="btn btn-sm btn-secondary"&gt;\n
                            &lt;i class="fas fa-cog mr-1"&gt;&lt;/i&gt;\n
                            Settings\n
                        &lt;/a&gt;\n
                    &lt;/div&gt;\n
                &lt;/div&gt;\n
\n
                &lt;div class="card-body"&gt;\n
                    &lt;div class="alert alert-info"&gt;\n
                        &lt;i class="fas fa-info-circle mr-2"&gt;&lt;/i&gt;\n
                        &lt;strong&gt;Coming Soon&lt;/strong&gt;&lt;br&gt;\n
                        Transaction history and management features will be available in a future update.\n
                        For now, you can view payment transactions in the\n
                        &lt;a href="http://localhost:8000/admin/registrations" class="alert-link"&gt;Registrations&lt;/a&gt; section.\n
                    &lt;/div&gt;\n
\n
                    &lt;div class="text-center py-5"&gt;\n
                        &lt;i class="fas fa-credit-card fa-3x text-muted mb-3"&gt;&lt;/i&gt;\n
                        &lt;h5 class="text-muted"&gt;Transaction Management&lt;/h5&gt;\n
                        &lt;p class="text-muted"&gt;\n
                            This section will display UniPayment transaction history,&lt;br&gt;\n
                            refund management, and detailed payment analytics.\n
                        &lt;/p&gt;\n
                    &lt;/div&gt;\n
                &lt;/div&gt;\n
\n
                &lt;div class="card-footer"&gt;\n
                    &lt;a href="http://localhost:8000/admin" class="btn btn-secondary"&gt;\n
                        &lt;i class="fas fa-arrow-left mr-2"&gt;&lt;/i&gt;\n
                        Back to Dashboard\n
                    &lt;/a&gt;\n
                &lt;/div&gt;\n
            &lt;/div&gt;\n
        &lt;/div&gt;\n
    &lt;/div&gt;\n
&lt;/div&gt;\n
            &lt;/div&gt;\n
        &lt;/main&gt;\n
    &lt;/div&gt;\n
\n
    \n
    &lt;script&gt;\n
        document.addEventListener('DOMContentLoaded', function() {\n
            const sidebarToggle = document.getElementById('sidebarToggle');\n
            const sidebar = document.getElementById('adminSidebar');\n
            const main = document.getElementById('adminMain');\n
\n
            if (sidebarToggle) {\n
                sidebarToggle.addEventListener('click', function() {\n
                    sidebar.classList.toggle('show');\n
                    sidebar.classList.toggle('collapsed');\n
                    main.classList.toggle('expanded');\n
                });\n
            }\n
\n
            // Close sidebar when clicking outside on mobile\n
            document.addEventListener('click', function(e) {\n
                if (window.innerWidth &lt;= 768 &amp;&amp;\n
                    !sidebar.contains(e.target) &amp;&amp;\n
                    !sidebarToggle.contains(e.target) &amp;&amp;\n
                    sidebar.classList.contains('show')) {\n
                    sidebar.classList.remove('show');\n
                }\n
            });\n
\n
            // Auto-dismiss alerts\n
            const alerts = document.querySelectorAll('.alert:not(.alert-permanent)');\n
            alerts.forEach(function(alert) {\n
                setTimeout(function() {\n
                    const bsAlert = new bootstrap.Alert(alert);\n
                    bsAlert.close();\n
                }, 5000);\n
            });\n
        });\n
    &lt;/script&gt;\n
\n
    &lt;form id="logout-form-header" action="http://localhost:8000/logout" method="POST" class="d-none"&gt;\n
        &lt;input type="hidden" name="_token" value="254fSE7j893mVZfTGYjSkm7JIveow22rqxfRnl1l" autocomplete="off"&gt;    &lt;/form&gt;\n
&lt;/body&gt;\n
\n
&lt;/html&gt;' [ASCII](length: 24023) contains "card_txn_123" [ASCII](length: 12).

/Users/Apple/Desktop/dev_folder/Dev_project/test.kiro2/leadership-summit-laravel/vendor/laravel/framework/src/Illuminate/Testing/TestResponse.php:560
/Users/Apple/Desktop/dev_folder/Dev_project/test.kiro2/leadership-summit-laravel/tests/Feature/AdminPaymentValidationTest.php:123</failure>
    </testcase>
    <testcase name="admin_can_view_registration_payment_details" file="/Users/Apple/Desktop/dev_folder/Dev_project/test.kiro2/leadership-summit-laravel/tests/Feature/AdminPaymentValidationTest.php" line="139" class="Tests\Feature\AdminPaymentValidationTest" classname="Tests.Feature.AdminPaymentValidationTest" assertions="0" time="0.911565">
      <error type="Illuminate\Database\QueryException">Tests\Feature\AdminPaymentValidationTest::admin_can_view_registration_payment_details
Illuminate\Database\QueryException: SQLSTATE[HY000]: General error: 1 table registrations has no column named first_name (Connection: sqlite, SQL: insert into "registrations" ("event_id", "ticket_id", "user_id", "status", "payment_status", "registration_status", "attendee_name", "attendee_email", "attendee_phone", "emergency_contact", "emergency_contact_name", "emergency_contact_phone", "total_amount", "terms_accepted_at", "created_at", "updated_at", "first_name", "last_name", "email", "payment_method", "payment_provider", "transaction_id", "payment_amount", "payment_currency", "payment_fee", "payment_completed_at") values (1, 1, ?, confirmed, paid, confirmed, Chadrick Murray, solon.zboncak@example.com, 1-361-789-2709, Mrs. Elvera Grady V, Hilbert Baumbach, +1.458.296.3455, 488.96, 2025-08-13 12:03:01, 2025-08-13 12:03:01, 2025-08-13 12:03:01, John, Admin, john.admin@test.com, card, unipayment, admin_test_txn, 150, USD, 4.35, 2025-08-13 12:03:01))

/Users/Apple/Desktop/dev_folder/Dev_project/test.kiro2/leadership-summit-laravel/vendor/laravel/framework/src/Illuminate/Database/Connection.php:829
/Users/Apple/Desktop/dev_folder/Dev_project/test.kiro2/leadership-summit-laravel/vendor/laravel/framework/src/Illuminate/Database/Connection.php:783
/Users/Apple/Desktop/dev_folder/Dev_project/test.kiro2/leadership-summit-laravel/vendor/laravel/framework/src/Illuminate/Database/Connection.php:576
/Users/Apple/Desktop/dev_folder/Dev_project/test.kiro2/leadership-summit-laravel/vendor/laravel/framework/src/Illuminate/Database/Connection.php:540
/Users/Apple/Desktop/dev_folder/Dev_project/test.kiro2/leadership-summit-laravel/vendor/laravel/framework/src/Illuminate/Database/Query/Processors/Processor.php:32
/Users/Apple/Desktop/dev_folder/Dev_project/test.kiro2/leadership-summit-laravel/vendor/laravel/framework/src/Illuminate/Database/Query/Builder.php:3549
/Users/Apple/Desktop/dev_folder/Dev_project/test.kiro2/leadership-summit-laravel/vendor/laravel/framework/src/Illuminate/Database/Eloquent/Builder.php:1982
/Users/Apple/Desktop/dev_folder/Dev_project/test.kiro2/leadership-summit-laravel/vendor/laravel/framework/src/Illuminate/Database/Eloquent/Model.php:1334
/Users/Apple/Desktop/dev_folder/Dev_project/test.kiro2/leadership-summit-laravel/vendor/laravel/framework/src/Illuminate/Database/Eloquent/Model.php:1299
/Users/Apple/Desktop/dev_folder/Dev_project/test.kiro2/leadership-summit-laravel/vendor/laravel/framework/src/Illuminate/Database/Eloquent/Model.php:1138
/Users/Apple/Desktop/dev_folder/Dev_project/test.kiro2/leadership-summit-laravel/vendor/laravel/framework/src/Illuminate/Database/Eloquent/Factories/Factory.php:338
/Users/Apple/Desktop/dev_folder/Dev_project/test.kiro2/leadership-summit-laravel/vendor/laravel/framework/src/Illuminate/Collections/Traits/EnumeratesValues.php:240
/Users/Apple/Desktop/dev_folder/Dev_project/test.kiro2/leadership-summit-laravel/vendor/laravel/framework/src/Illuminate/Database/Eloquent/Factories/Factory.php:333
/Users/Apple/Desktop/dev_folder/Dev_project/test.kiro2/leadership-summit-laravel/vendor/laravel/framework/src/Illuminate/Database/Eloquent/Factories/Factory.php:287
/Users/Apple/Desktop/dev_folder/Dev_project/test.kiro2/leadership-summit-laravel/vendor/laravel/framework/src/Illuminate/Database/Eloquent/Factories/Factory.php:281
/Users/Apple/Desktop/dev_folder/Dev_project/test.kiro2/leadership-summit-laravel/tests/Feature/AdminPaymentValidationTest.php:144</error>
    </testcase>
    <testcase name="admin_registrations_index_shows_payment_information" file="/Users/Apple/Desktop/dev_folder/Dev_project/test.kiro2/leadership-summit-laravel/tests/Feature/AdminPaymentValidationTest.php" line="172" class="Tests\Feature\AdminPaymentValidationTest" classname="Tests.Feature.AdminPaymentValidationTest" assertions="0" time="1.846105">
      <error type="Illuminate\Database\QueryException">Tests\Feature\AdminPaymentValidationTest::admin_registrations_index_shows_payment_information
Illuminate\Database\QueryException: SQLSTATE[HY000]: General error: 1 table registrations has no column named first_name (Connection: sqlite, SQL: insert into "registrations" ("event_id", "ticket_id", "user_id", "status", "payment_status", "registration_status", "attendee_name", "attendee_email", "attendee_phone", "emergency_contact", "emergency_contact_name", "emergency_contact_phone", "total_amount", "terms_accepted_at", "created_at", "updated_at", "first_name", "last_name", "email", "payment_method") values (1, 1, ?, confirmed, paid, pending, Lucile Prosacco, magnolia42@example.net, 830.568.8912, Prof. Justus Hintz DDS, Shanel Smith, +1-339-449-1955, 269.91, 2025-08-13 12:03:03, 2025-08-13 12:03:03, 2025-08-13 12:03:03, Card, User, card@test.com, card))

/Users/Apple/Desktop/dev_folder/Dev_project/test.kiro2/leadership-summit-laravel/vendor/laravel/framework/src/Illuminate/Database/Connection.php:829
/Users/Apple/Desktop/dev_folder/Dev_project/test.kiro2/leadership-summit-laravel/vendor/laravel/framework/src/Illuminate/Database/Connection.php:783
/Users/Apple/Desktop/dev_folder/Dev_project/test.kiro2/leadership-summit-laravel/vendor/laravel/framework/src/Illuminate/Database/Connection.php:576
/Users/Apple/Desktop/dev_folder/Dev_project/test.kiro2/leadership-summit-laravel/vendor/laravel/framework/src/Illuminate/Database/Connection.php:540
/Users/Apple/Desktop/dev_folder/Dev_project/test.kiro2/leadership-summit-laravel/vendor/laravel/framework/src/Illuminate/Database/Query/Processors/Processor.php:32
/Users/Apple/Desktop/dev_folder/Dev_project/test.kiro2/leadership-summit-laravel/vendor/laravel/framework/src/Illuminate/Database/Query/Builder.php:3549
/Users/Apple/Desktop/dev_folder/Dev_project/test.kiro2/leadership-summit-laravel/vendor/laravel/framework/src/Illuminate/Database/Eloquent/Builder.php:1982
/Users/Apple/Desktop/dev_folder/Dev_project/test.kiro2/leadership-summit-laravel/vendor/laravel/framework/src/Illuminate/Database/Eloquent/Model.php:1334
/Users/Apple/Desktop/dev_folder/Dev_project/test.kiro2/leadership-summit-laravel/vendor/laravel/framework/src/Illuminate/Database/Eloquent/Model.php:1299
/Users/Apple/Desktop/dev_folder/Dev_project/test.kiro2/leadership-summit-laravel/vendor/laravel/framework/src/Illuminate/Database/Eloquent/Model.php:1138
/Users/Apple/Desktop/dev_folder/Dev_project/test.kiro2/leadership-summit-laravel/vendor/laravel/framework/src/Illuminate/Database/Eloquent/Factories/Factory.php:338
/Users/Apple/Desktop/dev_folder/Dev_project/test.kiro2/leadership-summit-laravel/vendor/laravel/framework/src/Illuminate/Collections/Traits/EnumeratesValues.php:240
/Users/Apple/Desktop/dev_folder/Dev_project/test.kiro2/leadership-summit-laravel/vendor/laravel/framework/src/Illuminate/Database/Eloquent/Factories/Factory.php:333
/Users/Apple/Desktop/dev_folder/Dev_project/test.kiro2/leadership-summit-laravel/vendor/laravel/framework/src/Illuminate/Database/Eloquent/Factories/Factory.php:287
/Users/Apple/Desktop/dev_folder/Dev_project/test.kiro2/leadership-summit-laravel/vendor/laravel/framework/src/Illuminate/Database/Eloquent/Factories/Factory.php:281
/Users/Apple/Desktop/dev_folder/Dev_project/test.kiro2/leadership-summit-laravel/tests/Feature/AdminPaymentValidationTest.php:177</error>
    </testcase>
    <testcase name="admin_can_test_unipayment_connection" file="/Users/Apple/Desktop/dev_folder/Dev_project/test.kiro2/leadership-summit-laravel/tests/Feature/AdminPaymentValidationTest.php" line="221" class="Tests\Feature\AdminPaymentValidationTest" classname="Tests.Feature.AdminPaymentValidationTest" assertions="1" time="1.298930">
      <failure type="PHPUnit\Framework\ExpectationFailedException">Tests\Feature\AdminPaymentValidationTest::admin_can_test_unipayment_connection
Expected response status code [200] but received 400.
Failed asserting that 400 is identical to 200.

/Users/Apple/Desktop/dev_folder/Dev_project/test.kiro2/leadership-summit-laravel/vendor/laravel/framework/src/Illuminate/Testing/TestResponse.php:148
/Users/Apple/Desktop/dev_folder/Dev_project/test.kiro2/leadership-summit-laravel/tests/Feature/AdminPaymentValidationTest.php:235</failure>
    </testcase>
    <testcase name="admin_settings_validation_works" file="/Users/Apple/Desktop/dev_folder/Dev_project/test.kiro2/leadership-summit-laravel/tests/Feature/AdminPaymentValidationTest.php" line="243" class="Tests\Feature\AdminPaymentValidationTest" classname="Tests.Feature.AdminPaymentValidationTest" assertions="1" time="1.414668">
      <failure type="PHPUnit\Framework\ExpectationFailedException">Tests\Feature\AdminPaymentValidationTest::admin_settings_validation_works
Session is missing expected key [errors].
Failed asserting that false is true.

/Users/Apple/Desktop/dev_folder/Dev_project/test.kiro2/leadership-summit-laravel/vendor/laravel/framework/src/Illuminate/Testing/TestResponse.php:1263
/Users/Apple/Desktop/dev_folder/Dev_project/test.kiro2/leadership-summit-laravel/vendor/laravel/framework/src/Illuminate/Testing/TestResponse.php:1340
/Users/Apple/Desktop/dev_folder/Dev_project/test.kiro2/leadership-summit-laravel/tests/Feature/AdminPaymentValidationTest.php:257</failure>
    </testcase>
    <testcase name="non_admin_cannot_access_payment_admin_features" file="/Users/Apple/Desktop/dev_folder/Dev_project/test.kiro2/leadership-summit-laravel/tests/Feature/AdminPaymentValidationTest.php" line="278" class="Tests\Feature\AdminPaymentValidationTest" classname="Tests.Feature.AdminPaymentValidationTest" assertions="3" time="2.217545">
      <failure type="PHPUnit\Framework\ExpectationFailedException">Tests\Feature\AdminPaymentValidationTest::non_admin_cannot_access_payment_admin_features
Expected response status code [403] but received 405.
Failed asserting that 405 is identical to 403.

/Users/Apple/Desktop/dev_folder/Dev_project/test.kiro2/leadership-summit-laravel/vendor/laravel/framework/src/Illuminate/Testing/TestResponse.php:148
/Users/Apple/Desktop/dev_folder/Dev_project/test.kiro2/leadership-summit-laravel/tests/Feature/AdminPaymentValidationTest.php:298</failure>
    </testcase>
    <testcase name="admin_can_export_payment_data" file="/Users/Apple/Desktop/dev_folder/Dev_project/test.kiro2/leadership-summit-laravel/tests/Feature/AdminPaymentValidationTest.php" line="302" class="Tests\Feature\AdminPaymentValidationTest" classname="Tests.Feature.AdminPaymentValidationTest" assertions="0" time="1.401127">
      <error type="Symfony\Component\Routing\Exception\RouteNotFoundException">Tests\Feature\AdminPaymentValidationTest::admin_can_export_payment_data
Symfony\Component\Routing\Exception\RouteNotFoundException: Route [admin.registrations.export] not defined.

/Users/Apple/Desktop/dev_folder/Dev_project/test.kiro2/leadership-summit-laravel/vendor/laravel/framework/src/Illuminate/Routing/UrlGenerator.php:477
/Users/Apple/Desktop/dev_folder/Dev_project/test.kiro2/leadership-summit-laravel/vendor/laravel/framework/src/Illuminate/Foundation/helpers.php:811
/Users/Apple/Desktop/dev_folder/Dev_project/test.kiro2/leadership-summit-laravel/tests/Feature/AdminPaymentValidationTest.php:315</error>
    </testcase>
    <testcase name="admin_dashboard_shows_payment_statistics" file="/Users/Apple/Desktop/dev_folder/Dev_project/test.kiro2/leadership-summit-laravel/tests/Feature/AdminPaymentValidationTest.php" line="325" class="Tests\Feature\AdminPaymentValidationTest" classname="Tests.Feature.AdminPaymentValidationTest" assertions="2" time="2.580835">
      <failure type="PHPUnit\Framework\ExpectationFailedException">Tests\Feature\AdminPaymentValidationTest::admin_dashboard_shows_payment_statistics
Failed asserting that '&lt;!doctype html&gt;\n
&lt;html lang="en"&gt;\n
\n
&lt;head&gt;\n
    &lt;meta charset="utf-8"&gt;\n
    &lt;meta name="viewport" content="width=device-width, initial-scale=1, maximum-scale=5"&gt;\n
    &lt;meta http-equiv="X-UA-Compatible" content="IE=edge"&gt;\n
    &lt;link rel="profile" href="https://gmpg.org/xfn/11"&gt;\n
\n
    &lt;!-- CSRF Token --&gt;\n
    &lt;meta name="csrf-token" content="7lSVtxp0VYHJXWLvSk5vjE8MlV1kqFw5p8FE2uwB"&gt;\n
\n
    &lt;!-- SEO Meta Tags --&gt;\n
    &lt;title&gt;Admin Dashboard - Leadership Summit&lt;/title&gt;\n
    &lt;meta name="description" content="Admin dashboard for Leadership Summit"&gt;\n
    &lt;meta name="robots" content="noindex, nofollow"&gt;\n
\n
    &lt;!-- Favicon --&gt;\n
    &lt;link rel="icon" type="image/svg+xml" href="http://localhost:8000/images/favicon.svg"&gt;\n
    &lt;link rel="icon" type="image/png" href="http://localhost:8000/images/favicon.png"&gt;\n
\n
    &lt;!-- Preconnect to external domains --&gt;\n
    &lt;link rel="preconnect" href="https://fonts.googleapis.com"&gt;\n
    &lt;link rel="preconnect" href="https://fonts.gstatic.com" crossorigin&gt;\n
    &lt;link rel="preconnect" href="https://cdnjs.cloudflare.com"&gt;\n
\n
    &lt;!-- Fonts --&gt;\n
    &lt;link href="https://fonts.googleapis.com/css2?family=Open+Sans:wght@300;400;600;700&amp;family=Montserrat:wght@400;600;700&amp;display=swap" rel="stylesheet"&gt;\n
\n
    &lt;!-- Font Awesome --&gt;\n
    &lt;link rel="stylesheet" href="https://cdnjs.cloudflare.com/ajax/libs/font-awesome/6.4.0/css/all.min.css" integrity="sha512-iecdLmaskl7CVkqkXNQ/ZH/XLlvWZOJyj7Yy7tcenmpD1ypASozpmT/E0iPtmFIB46ZmdtAc9eNBvH0H/ZpiBw==" crossorigin="anonymous" referrerpolicy="no-referrer"&gt;\n
\n
    &lt;!-- Theme Color --&gt;\n
    &lt;meta name="theme-color" content="#0a2463"&gt;\n
\n
    &lt;!-- Scripts --&gt;\n
    &lt;link rel="preload" as="style" href="http://localhost:8000/build/assets/app-f14c5841.css" /&gt;&lt;link rel="modulepreload" href="http://localhost:8000/build/assets/app-81a400a8.js" /&gt;&lt;link rel="stylesheet" href="http://localhost:8000/build/assets/app-f14c5841.css" data-navigate-track="reload" /&gt;&lt;script type="module" src="http://localhost:8000/build/assets/app-81a400a8.js" data-navigate-track="reload"&gt;&lt;/script&gt;\n
    &lt;style&gt;\n
    .avatar-sm {\n
        width: 32px;\n
        height: 32px;\n
    }\n
\n
    .progress {\n
        background-color: #e9ecef;\n
    }\n
&lt;/style&gt;\n
\n
    &lt;style&gt;\n
        /* Admin-specific styles */\n
        .admin-layout {\n
            display: flex;\n
            min-height: 100vh;\n
        }\n
\n
        .admin-sidebar {\n
            width: 280px;\n
            background: var(--primary-color);\n
            color: white;\n
            position: fixed;\n
            height: 100vh;\n
            overflow-y: auto;\n
            z-index: 1000;\n
            transition: transform 0.3s ease;\n
        }\n
\n
        .admin-sidebar.collapsed {\n
            transform: translateX(-100%);\n
        }\n
\n
        .admin-main {\n
            flex: 1;\n
            margin-left: 280px;\n
            background: #f8fafc;\n
            min-height: 100vh;\n
            transition: margin-left 0.3s ease;\n
        }\n
\n
        .admin-main.expanded {\n
            margin-left: 0;\n
        }\n
\n
        .admin-header {\n
            background: white;\n
            padding: 1rem 2rem;\n
            border-bottom: 1px solid #e5e7eb;\n
            display: flex;\n
            justify-content: between;\n
            align-items: center;\n
            position: sticky;\n
            top: 0;\n
            z-index: 100;\n
        }\n
\n
        .admin-content {\n
            padding: 2rem;\n
        }\n
\n
        .sidebar-header {\n
            padding: 1.5rem;\n
            border-bottom: 1px solid rgba(255, 255, 255, 0.1);\n
        }\n
\n
        .sidebar-brand {\n
            font-size: 1.25rem;\n
            font-weight: 700;\n
            color: white;\n
            text-decoration: none;\n
            display: flex;\n
            align-items: center;\n
            gap: 0.75rem;\n
        }\n
\n
        .sidebar-brand:hover {\n
            color: var(--secondary-color);\n
            text-decoration: none;\n
        }\n
\n
        .sidebar-nav {\n
            padding: 1rem 0;\n
        }\n
\n
        .nav-section {\n
            margin-bottom: 2rem;\n
        }\n
\n
        .nav-section-title {\n
            padding: 0.5rem 1.5rem;\n
            font-size: 0.8rem;\n
            font-weight: 600;\n
            text-transform: uppercase;\n
            letter-spacing: 0.5px;\n
            color: rgba(255, 255, 255, 0.6);\n
            margin-bottom: 0.5rem;\n
        }\n
\n
        .nav-item {\n
            margin-bottom: 0.25rem;\n
        }\n
\n
        .nav-link {\n
            display: flex;\n
            align-items: center;\n
            padding: 0.75rem 1.5rem;\n
            color: rgba(255, 255, 255, 0.8);\n
            text-decoration: none;\n
            transition: all 0.3s ease;\n
            position: relative;\n
        }\n
\n
        .nav-link:hover,\n
        .nav-link.active {\n
            color: white;\n
            background: rgba(255, 255, 255, 0.1);\n
            text-decoration: none;\n
        }\n
\n
        .nav-link.active::before {\n
            content: '';\n
            position: absolute;\n
            left: 0;\n
            top: 0;\n
            bottom: 0;\n
            width: 4px;\n
            background: var(--secondary-color);\n
        }\n
\n
        .nav-link i {\n
            width: 20px;\n
            margin-right: 0.75rem;\n
            font-size: 1rem;\n
        }\n
\n
        .nav-badge {\n
            background: var(--secondary-color);\n
            color: var(--primary-color);\n
            font-size: 0.75rem;\n
            padding: 0.25rem 0.5rem;\n
            border-radius: 50px;\n
            margin-left: auto;\n
            font-weight: 600;\n
        }\n
\n
        .mobile-toggle {\n
            display: none;\n
            background: none;\n
            border: none;\n
            color: var(--primary-color);\n
            font-size: 1.5rem;\n
            cursor: pointer;\n
        }\n
\n
        .admin-breadcrumb {\n
            background: transparent;\n
            padding: 0;\n
            margin-bottom: 1rem;\n
        }\n
\n
        .admin-breadcrumb .breadcrumb {\n
            background: transparent;\n
            padding: 0;\n
            margin: 0;\n
        }\n
\n
        .admin-breadcrumb .breadcrumb-item {\n
            font-size: 0.9rem;\n
        }\n
\n
        .admin-breadcrumb .breadcrumb-item+.breadcrumb-item::before {\n
            content: "&gt;";\n
            color: #6b7280;\n
        }\n
\n
        .page-header {\n
            display: flex;\n
            justify-content: space-between;\n
            align-items: center;\n
            margin-bottom: 2rem;\n
        }\n
\n
        .page-title {\n
            font-size: 2rem;\n
            font-weight: 700;\n
            color: var(--primary-color);\n
            margin: 0;\n
        }\n
\n
        .page-actions {\n
            display: flex;\n
            gap: 1rem;\n
        }\n
\n
        .stats-grid {\n
            display: grid;\n
            grid-template-columns: repeat(auto-fit, minmax(250px, 1fr));\n
            gap: 1.5rem;\n
            margin-bottom: 2rem;\n
        }\n
\n
        .stat-card {\n
            background: white;\n
            padding: 1.5rem;\n
            border-radius: 0.5rem;\n
            box-shadow: 0 1px 3px rgba(0, 0, 0, 0.1);\n
            border-left: 4px solid var(--primary-color);\n
        }\n
\n
        .stat-card.success {\n
            border-left-color: #10b981;\n
        }\n
\n
        .stat-card.warning {\n
            border-left-color: #f59e0b;\n
        }\n
\n
        .stat-card.danger {\n
            border-left-color: #ef4444;\n
        }\n
\n
        .stat-card.info {\n
            border-left-color: #3b82f6;\n
        }\n
\n
        .stat-header {\n
            display: flex;\n
            justify-content: space-between;\n
            align-items: center;\n
            margin-bottom: 0.5rem;\n
        }\n
\n
        .stat-title {\n
            font-size: 0.9rem;\n
            color: #6b7280;\n
            font-weight: 500;\n
        }\n
\n
        .stat-icon {\n
            width: 40px;\n
            height: 40px;\n
            border-radius: 50%;\n
            display: flex;\n
            align-items: center;\n
            justify-content: center;\n
            font-size: 1.2rem;\n
            color: white;\n
        }\n
\n
        .stat-icon.success {\n
            background: #10b981;\n
        }\n
\n
        .stat-icon.warning {\n
            background: #f59e0b;\n
        }\n
\n
        .stat-icon.danger {\n
            background: #ef4444;\n
        }\n
\n
        .stat-icon.info {\n
            background: #3b82f6;\n
        }\n
\n
        .stat-value {\n
            font-size: 2rem;\n
            font-weight: 700;\n
            color: var(--primary-color);\n
            margin-bottom: 0.25rem;\n
        }\n
\n
        .stat-change {\n
            font-size: 0.8rem;\n
            display: flex;\n
            align-items: center;\n
            gap: 0.25rem;\n
        }\n
\n
        .stat-change.positive {\n
            color: #10b981;\n
        }\n
\n
        .stat-change.negative {\n
            color: #ef4444;\n
        }\n
\n
        .stat-change.neutral {\n
            color: #6b7280;\n
        }\n
\n
        .admin-card {\n
            background: white;\n
            border-radius: 0.5rem;\n
            box-shadow: 0 1px 3px rgba(0, 0, 0, 0.1);\n
            overflow: hidden;\n
        }\n
\n
        .admin-card-header {\n
            padding: 1.5rem;\n
            border-bottom: 1px solid #e5e7eb;\n
            display: flex;\n
            justify-content: space-between;\n
            align-items: center;\n
        }\n
\n
        .admin-card-title {\n
            font-size: 1.25rem;\n
            font-weight: 600;\n
            color: var(--primary-color);\n
            margin: 0;\n
        }\n
\n
        .admin-card-body {\n
            padding: 1.5rem;\n
        }\n
\n
        @media (max-width: 768px) {\n
            .admin-sidebar {\n
                transform: translateX(-100%);\n
            }\n
\n
            .admin-sidebar.show {\n
                transform: translateX(0);\n
            }\n
\n
            .admin-main {\n
                margin-left: 0;\n
            }\n
\n
            .mobile-toggle {\n
                display: block;\n
            }\n
\n
            .page-header {\n
                flex-direction: column;\n
                align-items: flex-start;\n
                gap: 1rem;\n
            }\n
\n
            .stats-grid {\n
                grid-template-columns: 1fr;\n
            }\n
        }\n
    &lt;/style&gt;\n
&lt;/head&gt;\n
\n
&lt;body class="admin-body"&gt;\n
    &lt;div class="admin-layout"&gt;\n
        &lt;!-- Admin Sidebar --&gt;\n
        &lt;aside class="admin-sidebar" id="adminSidebar"&gt;\n
            &lt;div class="sidebar-header"&gt;\n
                &lt;a href="http://localhost:8000/admin" class="sidebar-brand"&gt;\n
                    &lt;i class="fas fa-cog" aria-hidden="true"&gt;&lt;/i&gt;\n
                    Admin Panel\n
                &lt;/a&gt;\n
            &lt;/div&gt;\n
\n
            &lt;nav class="sidebar-nav"&gt;\n
                &lt;div class="nav-section"&gt;\n
                    &lt;div class="nav-section-title"&gt;Main&lt;/div&gt;\n
                    &lt;div class="nav-item"&gt;\n
                        &lt;a href="http://localhost:8000/admin" class="nav-link active"&gt;\n
                            &lt;i class="fas fa-tachometer-alt" aria-hidden="true"&gt;&lt;/i&gt;\n
                            Dashboard\n
                        &lt;/a&gt;\n
                    &lt;/div&gt;\n
                &lt;/div&gt;\n
\n
                &lt;div class="nav-section"&gt;\n
                    &lt;div class="nav-section-title"&gt;Events&lt;/div&gt;\n
                    &lt;div class="nav-item"&gt;\n
                        &lt;a href="http://localhost:8000/admin/events" class="nav-link "&gt;\n
                            &lt;i class="fas fa-calendar-alt" aria-hidden="true"&gt;&lt;/i&gt;\n
                            All Events\n
                                                    &lt;/a&gt;\n
                    &lt;/div&gt;\n
                    &lt;div class="nav-item"&gt;\n
                        &lt;a href="http://localhost:8000/admin/events/create" class="nav-link "&gt;\n
                            &lt;i class="fas fa-plus" aria-hidden="true"&gt;&lt;/i&gt;\n
                            Add Event\n
                        &lt;/a&gt;\n
                    &lt;/div&gt;\n
                    &lt;div class="nav-item"&gt;\n
                        &lt;a href="http://localhost:8000/admin/tickets" class="nav-link "&gt;\n
                            &lt;i class="fas fa-ticket-alt" aria-hidden="true"&gt;&lt;/i&gt;\n
                            Tickets\n
                        &lt;/a&gt;\n
                    &lt;/div&gt;\n
                &lt;/div&gt;\n
\n
                &lt;div class="nav-section"&gt;\n
                    &lt;div class="nav-section-title"&gt;Speakers&lt;/div&gt;\n
                    &lt;div class="nav-item"&gt;\n
                        &lt;a href="http://localhost:8000/admin/speakers" class="nav-link "&gt;\n
                            &lt;i class="fas fa-users" aria-hidden="true"&gt;&lt;/i&gt;\n
                            All Speakers\n
                        &lt;/a&gt;\n
                    &lt;/div&gt;\n
                    &lt;div class="nav-item"&gt;\n
                        &lt;a href="http://localhost:8000/admin/speakers/create" class="nav-link "&gt;\n
                            &lt;i class="fas fa-user-plus" aria-hidden="true"&gt;&lt;/i&gt;\n
                            Add Speaker\n
                        &lt;/a&gt;\n
                    &lt;/div&gt;\n
                    &lt;div class="nav-item"&gt;\n
                        &lt;a href="http://localhost:8000/admin/sessions" class="nav-link "&gt;\n
                            &lt;i class="fas fa-presentation" aria-hidden="true"&gt;&lt;/i&gt;\n
                            Sessions\n
                        &lt;/a&gt;\n
                    &lt;/div&gt;\n
                &lt;/div&gt;\n
\n
                &lt;div class="nav-section"&gt;\n
                    &lt;div class="nav-section-title"&gt;Users&lt;/div&gt;\n
                    &lt;div class="nav-item"&gt;\n
                        &lt;a href="http://localhost:8000/admin/users" class="nav-link "&gt;\n
                            &lt;i class="fas fa-users-cog" aria-hidden="true"&gt;&lt;/i&gt;\n
                            All Users\n
                        &lt;/a&gt;\n
                    &lt;/div&gt;\n
                    &lt;div class="nav-item"&gt;\n
                        &lt;a href="http://localhost:8000/admin/registrations" class="nav-link "&gt;\n
                            &lt;i class="fas fa-clipboard-list" aria-hidden="true"&gt;&lt;/i&gt;\n
                            Registrations\n
                                                    &lt;/a&gt;\n
                    &lt;/div&gt;\n
                    &lt;div class="nav-item"&gt;\n
                        &lt;a href="http://localhost:8000/admin/payments/pending" class="nav-link "&gt;\n
                            &lt;i class="fas fa-credit-card" aria-hidden="true"&gt;&lt;/i&gt;\n
                            Payment Review\n
                                                    &lt;/a&gt;\n
                    &lt;/div&gt;\n
                    &lt;div class="nav-item"&gt;\n
                        &lt;a href="http://localhost:8000/admin/roles" class="nav-link "&gt;\n
                            &lt;i class="fas fa-user-shield" aria-hidden="true"&gt;&lt;/i&gt;\n
                            Roles &amp; Permissions\n
                        &lt;/a&gt;\n
                    &lt;/div&gt;\n
                &lt;/div&gt;\n
\n
                &lt;div class="nav-section"&gt;\n
                    &lt;div class="nav-section-title"&gt;Content&lt;/div&gt;\n
                    &lt;div class="nav-item"&gt;\n
                        &lt;a href="http://localhost:8000/admin/pages" class="nav-link "&gt;\n
                            &lt;i class="fas fa-file-alt" aria-hidden="true"&gt;&lt;/i&gt;\n
                            Pages\n
                        &lt;/a&gt;\n
                    &lt;/div&gt;\n
                    &lt;div class="nav-item"&gt;\n
                        &lt;a href="http://localhost:8000/admin/media" class="nav-link "&gt;\n
                            &lt;i class="fas fa-images" aria-hidden="true"&gt;&lt;/i&gt;\n
                            Media Library\n
                        &lt;/a&gt;\n
                    &lt;/div&gt;\n
                &lt;/div&gt;\n
\n
                &lt;div class="nav-section"&gt;\n
                    &lt;div class="nav-section-title"&gt;System&lt;/div&gt;\n
                    &lt;div class="nav-item"&gt;\n
                        &lt;a href="http://localhost:8000/admin/settings" class="nav-link "&gt;\n
                            &lt;i class="fas fa-cogs" aria-hidden="true"&gt;&lt;/i&gt;\n
                            Settings\n
                        &lt;/a&gt;\n
                    &lt;/div&gt;\n
                    &lt;div class="nav-item"&gt;\n
                        &lt;a href="http://localhost:8000/admin/unipayment" class="nav-link "&gt;\n
                            &lt;i class="fas fa-credit-card" aria-hidden="true"&gt;&lt;/i&gt;\n
                            Card Payments\n
                        &lt;/a&gt;\n
                    &lt;/div&gt;\n
                    &lt;div class="nav-item"&gt;\n
                        &lt;a href="http://localhost:8000/admin/wallet-settings" class="nav-link "&gt;\n
                            &lt;i class="fas fa-wallet" aria-hidden="true"&gt;&lt;/i&gt;\n
                            Crypto Wallets\n
                        &lt;/a&gt;\n
                    &lt;/div&gt;\n
                    &lt;div class="nav-item"&gt;\n
                        &lt;a href="http://localhost:8000/admin/reports" class="nav-link "&gt;\n
                            &lt;i class="fas fa-chart-bar" aria-hidden="true"&gt;&lt;/i&gt;\n
                            Reports\n
                        &lt;/a&gt;\n
                    &lt;/div&gt;\n
                &lt;/div&gt;\n
\n
                &lt;div class="nav-section"&gt;\n
                    &lt;div class="nav-section-title"&gt;Account&lt;/div&gt;\n
                    &lt;div class="nav-item"&gt;\n
                        &lt;a href="http://localhost:8000" class="nav-link" target="_blank"&gt;\n
                            &lt;i class="fas fa-external-link-alt" aria-hidden="true"&gt;&lt;/i&gt;\n
                            View Site\n
                        &lt;/a&gt;\n
                    &lt;/div&gt;\n
                    &lt;div class="nav-item"&gt;\n
                        &lt;a href="http://localhost:8000/logout" class="nav-link"\n
                            onclick="event.preventDefault(); document.getElementById('logout-form').submit();"&gt;\n
                            &lt;i class="fas fa-sign-out-alt" aria-hidden="true"&gt;&lt;/i&gt;\n
                            Logout\n
                        &lt;/a&gt;\n
                        &lt;form id="logout-form" action="http://localhost:8000/logout" method="POST" class="d-none"&gt;\n
                            &lt;input type="hidden" name="_token" value="7lSVtxp0VYHJXWLvSk5vjE8MlV1kqFw5p8FE2uwB" autocomplete="off"&gt;                        &lt;/form&gt;\n
                    &lt;/div&gt;\n
                &lt;/div&gt;\n
            &lt;/nav&gt;\n
        &lt;/aside&gt;\n
\n
        &lt;!-- Admin Main Content --&gt;\n
        &lt;main class="admin-main" id="adminMain"&gt;\n
            &lt;!-- Admin Header --&gt;\n
            &lt;header class="admin-header"&gt;\n
                &lt;div class="d-flex align-items-center"&gt;\n
                    &lt;button class="mobile-toggle me-3" id="sidebarToggle" aria-label="Toggle sidebar"&gt;\n
                        &lt;i class="fas fa-bars" aria-hidden="true"&gt;&lt;/i&gt;\n
                    &lt;/button&gt;\n
\n
                                    &lt;/div&gt;\n
\n
                &lt;div class="d-flex align-items-center gap-3"&gt;\n
                    &lt;div class="dropdown"&gt;\n
                        &lt;button class="btn btn-outline-primary dropdown-toggle" type="button" data-bs-toggle="dropdown"&gt;\n
                            &lt;i class="fas fa-user me-2" aria-hidden="true"&gt;&lt;/i&gt;\n
                            Lamar Erdman\n
                        &lt;/button&gt;\n
                        &lt;ul class="dropdown-menu dropdown-menu-end"&gt;\n
                            &lt;li&gt;\n
                                &lt;h6 class="dropdown-header"&gt;Lamar Erdman&lt;/h6&gt;\n
                            &lt;/li&gt;\n
                            &lt;li&gt;&lt;a class="dropdown-item" href="http://localhost:8000/profile"&gt;\n
                                    &lt;i class="fas fa-user-edit me-2" aria-hidden="true"&gt;&lt;/i&gt;Profile\n
                                &lt;/a&gt;&lt;/li&gt;\n
                            &lt;li&gt;&lt;a class="dropdown-item" href="http://localhost:8000/admin/settings"&gt;\n
                                    &lt;i class="fas fa-cogs me-2" aria-hidden="true"&gt;&lt;/i&gt;Settings\n
                                &lt;/a&gt;&lt;/li&gt;\n
                            &lt;li&gt;\n
                                &lt;hr class="dropdown-divider"&gt;\n
                            &lt;/li&gt;\n
                            &lt;li&gt;&lt;a class="dropdown-item" href="http://localhost:8000/logout"\n
                                    onclick="event.preventDefault(); document.getElementById('logout-form-header').submit();"&gt;\n
                                    &lt;i class="fas fa-sign-out-alt me-2" aria-hidden="true"&gt;&lt;/i&gt;Logout\n
                                &lt;/a&gt;&lt;/li&gt;\n
                        &lt;/ul&gt;\n
                    &lt;/div&gt;\n
                &lt;/div&gt;\n
            &lt;/header&gt;\n
\n
            &lt;!-- Admin Content --&gt;\n
            &lt;div class="admin-content"&gt;\n
                &lt;!-- Flash Messages --&gt;\n
                \n
                \n
                \n
                &lt;div class="page-header"&gt;\n
    &lt;h1 class="page-title"&gt;Dashboard&lt;/h1&gt;\n
    &lt;div class="page-actions"&gt;\n
        &lt;a href="http://localhost:8000/admin/events/create" class="btn btn-primary"&gt;\n
            &lt;i class="fas fa-plus me-2" aria-hidden="true"&gt;&lt;/i&gt;Add Event\n
        &lt;/a&gt;\n
        &lt;a href="http://localhost:8000/admin/speakers/create" class="btn btn-outline-primary"&gt;\n
            &lt;i class="fas fa-user-plus me-2" aria-hidden="true"&gt;&lt;/i&gt;Add Speaker\n
        &lt;/a&gt;\n
    &lt;/div&gt;\n
&lt;/div&gt;\n
\n
&lt;!-- Welcome Message --&gt;\n
&lt;div class="admin-card mb-4"&gt;\n
    &lt;div class="admin-card-body"&gt;\n
        &lt;h4 class="mb-2"&gt;Welcome back, Lamar Erdman!&lt;/h4&gt;\n
        &lt;p class="text-muted mb-0"&gt;Here's what's happening with your leadership summit today.&lt;/p&gt;\n
    &lt;/div&gt;\n
&lt;/div&gt;\n
\n
&lt;!-- Statistics Cards --&gt;\n
&lt;div class="stats-grid"&gt;\n
    &lt;div class="stat-card"&gt;\n
        &lt;div class="stat-header"&gt;\n
            &lt;span class="stat-title"&gt;Total Events&lt;/span&gt;\n
            &lt;div class="stat-icon info"&gt;\n
                &lt;i class="fas fa-calendar-alt" aria-hidden="true"&gt;&lt;/i&gt;\n
            &lt;/div&gt;\n
        &lt;/div&gt;\n
        &lt;div class="stat-value"&gt;1&lt;/div&gt;\n
        &lt;div class="stat-change positive"&gt;\n
            &lt;i class="fas fa-arrow-up" aria-hidden="true"&gt;&lt;/i&gt;\n
            &lt;span&gt;+1 this month&lt;/span&gt;\n
        &lt;/div&gt;\n
    &lt;/div&gt;\n
\n
    &lt;div class="stat-card success"&gt;\n
        &lt;div class="stat-header"&gt;\n
            &lt;span class="stat-title"&gt;Total Registrations&lt;/span&gt;\n
            &lt;div class="stat-icon success"&gt;\n
                &lt;i class="fas fa-users" aria-hidden="true"&gt;&lt;/i&gt;\n
            &lt;/div&gt;\n
        &lt;/div&gt;\n
        &lt;div class="stat-value"&gt;5&lt;/div&gt;\n
        &lt;div class="stat-change positive"&gt;\n
            &lt;i class="fas fa-arrow-up" aria-hidden="true"&gt;&lt;/i&gt;\n
            &lt;span&gt;+5 this week&lt;/span&gt;\n
        &lt;/div&gt;\n
    &lt;/div&gt;\n
\n
    &lt;div class="stat-card warning"&gt;\n
        &lt;div class="stat-header"&gt;\n
            &lt;span class="stat-title"&gt;Active Speakers&lt;/span&gt;\n
            &lt;div class="stat-icon warning"&gt;\n
                &lt;i class="fas fa-microphone" aria-hidden="true"&gt;&lt;/i&gt;\n
            &lt;/div&gt;\n
        &lt;/div&gt;\n
        &lt;div class="stat-value"&gt;0&lt;/div&gt;\n
        &lt;div class="stat-change neutral"&gt;\n
            &lt;i class="fas fa-microphone" aria-hidden="true"&gt;&lt;/i&gt;\n
            &lt;span&gt;Active speakers&lt;/span&gt;\n
        &lt;/div&gt;\n
    &lt;/div&gt;\n
\n
    &lt;div class="stat-card danger"&gt;\n
        &lt;div class="stat-header"&gt;\n
            &lt;span class="stat-title"&gt;Revenue&lt;/span&gt;\n
            &lt;div class="stat-icon danger"&gt;\n
                &lt;i class="fas fa-dollar-sign" aria-hidden="true"&gt;&lt;/i&gt;\n
            &lt;/div&gt;\n
        &lt;/div&gt;\n
        &lt;div class="stat-value"&gt;$0&lt;/div&gt;\n
        &lt;div class="stat-change neutral"&gt;\n
            &lt;i class="fas fa-minus" aria-hidden="true"&gt;&lt;/i&gt;\n
            &lt;span&gt;0% vs last month&lt;/span&gt;\n
        &lt;/div&gt;\n
    &lt;/div&gt;\n
&lt;/div&gt;\n
\n
&lt;!-- Quick Actions and Recent Activity --&gt;\n
&lt;div class="row"&gt;\n
    &lt;div class="col-lg-8"&gt;\n
        &lt;!-- Recent Registrations --&gt;\n
        &lt;div class="admin-card mb-4"&gt;\n
            &lt;div class="admin-card-header"&gt;\n
                &lt;h3 class="admin-card-title"&gt;Recent Registrations&lt;/h3&gt;\n
                &lt;a href="http://localhost:8000/admin/registrations" class="btn btn-sm btn-outline-primary"&gt;View All&lt;/a&gt;\n
            &lt;/div&gt;\n
            &lt;div class="admin-card-body"&gt;\n
                                &lt;div class="table-responsive"&gt;\n
                    &lt;table class="table table-hover"&gt;\n
                        &lt;thead&gt;\n
                            &lt;tr&gt;\n
                                &lt;th&gt;Name&lt;/th&gt;\n
                                &lt;th&gt;Event&lt;/th&gt;\n
                                &lt;th&gt;Date&lt;/th&gt;\n
                                &lt;th&gt;Status&lt;/th&gt;\n
                            &lt;/tr&gt;\n
                        &lt;/thead&gt;\n
                        &lt;tbody&gt;\n
                                                        &lt;tr&gt;\n
                                &lt;td&gt;\n
                                    &lt;div class="d-flex align-items-center"&gt;\n
                                        &lt;div class="avatar-sm bg-primary rounded-circle d-flex align-items-center justify-content-center me-2"&gt;\n
                                            &lt;i class="fas fa-user text-white" aria-hidden="true"&gt;&lt;/i&gt;\n
                                        &lt;/div&gt;\n
                                        &lt;div&gt;\n
                                            &lt;div class="fw-semibold"&gt;Mr. Haskell Skiles IV&lt;/div&gt;\n
                                            &lt;small class="text-muted"&gt;vlindgren@example.com&lt;/small&gt;\n
                                        &lt;/div&gt;\n
                                    &lt;/div&gt;\n
                                &lt;/td&gt;\n
                                &lt;td&gt;Admin Test Event&lt;/td&gt;\n
                                &lt;td&gt;Aug 13, 2025&lt;/td&gt;\n
                                &lt;td&gt;\n
                                    &lt;span class="badge bg-success"&gt;\n
                                        Confirmed\n
                                    &lt;/span&gt;\n
                                &lt;/td&gt;\n
                            &lt;/tr&gt;\n
                                                        &lt;tr&gt;\n
                                &lt;td&gt;\n
                                    &lt;div class="d-flex align-items-center"&gt;\n
                                        &lt;div class="avatar-sm bg-primary rounded-circle d-flex align-items-center justify-content-center me-2"&gt;\n
                                            &lt;i class="fas fa-user text-white" aria-hidden="true"&gt;&lt;/i&gt;\n
                                        &lt;/div&gt;\n
                                        &lt;div&gt;\n
                                            &lt;div class="fw-semibold"&gt;Mr. Lavern Strosin III&lt;/div&gt;\n
                                            &lt;small class="text-muted"&gt;hoppe.blaze@example.com&lt;/small&gt;\n
                                        &lt;/div&gt;\n
                                    &lt;/div&gt;\n
                                &lt;/td&gt;\n
                                &lt;td&gt;Admin Test Event&lt;/td&gt;\n
                                &lt;td&gt;Aug 13, 2025&lt;/td&gt;\n
                                &lt;td&gt;\n
                                    &lt;span class="badge bg-secondary"&gt;\n
                                        Cancelled\n
                                    &lt;/span&gt;\n
                                &lt;/td&gt;\n
                            &lt;/tr&gt;\n
                                                        &lt;tr&gt;\n
                                &lt;td&gt;\n
                                    &lt;div class="d-flex align-items-center"&gt;\n
                                        &lt;div class="avatar-sm bg-primary rounded-circle d-flex align-items-center justify-content-center me-2"&gt;\n
                                            &lt;i class="fas fa-user text-white" aria-hidden="true"&gt;&lt;/i&gt;\n
                                        &lt;/div&gt;\n
                                        &lt;div&gt;\n
                                            &lt;div class="fw-semibold"&gt;Sigmund Leffler&lt;/div&gt;\n
                                            &lt;small class="text-muted"&gt;gibson.flossie@example.org&lt;/small&gt;\n
                                        &lt;/div&gt;\n
                                    &lt;/div&gt;\n
                                &lt;/td&gt;\n
                                &lt;td&gt;Admin Test Event&lt;/td&gt;\n
                                &lt;td&gt;Aug 13, 2025&lt;/td&gt;\n
                                &lt;td&gt;\n
                                    &lt;span class="badge bg-secondary"&gt;\n
                                        Cancelled\n
                                    &lt;/span&gt;\n
                                &lt;/td&gt;\n
                            &lt;/tr&gt;\n
                                                        &lt;tr&gt;\n
                                &lt;td&gt;\n
                                    &lt;div class="d-flex align-items-center"&gt;\n
                                        &lt;div class="avatar-sm bg-primary rounded-circle d-flex align-items-center justify-content-center me-2"&gt;\n
                                            &lt;i class="fas fa-user text-white" aria-hidden="true"&gt;&lt;/i&gt;\n
                                        &lt;/div&gt;\n
                                        &lt;div&gt;\n
                                            &lt;div class="fw-semibold"&gt;Beatrice Zieme&lt;/div&gt;\n
                                            &lt;small class="text-muted"&gt;tstracke@example.net&lt;/small&gt;\n
                                        &lt;/div&gt;\n
                                    &lt;/div&gt;\n
                                &lt;/td&gt;\n
                                &lt;td&gt;Admin Test Event&lt;/td&gt;\n
                                &lt;td&gt;Aug 13, 2025&lt;/td&gt;\n
                                &lt;td&gt;\n
                                    &lt;span class="badge bg-secondary"&gt;\n
                                        Cancelled\n
                                    &lt;/span&gt;\n
                                &lt;/td&gt;\n
                            &lt;/tr&gt;\n
                                                        &lt;tr&gt;\n
                                &lt;td&gt;\n
                                    &lt;div class="d-flex align-items-center"&gt;\n
                                        &lt;div class="avatar-sm bg-primary rounded-circle d-flex align-items-center justify-content-center me-2"&gt;\n
                                            &lt;i class="fas fa-user text-white" aria-hidden="true"&gt;&lt;/i&gt;\n
                                        &lt;/div&gt;\n
                                        &lt;div&gt;\n
                                            &lt;div class="fw-semibold"&gt;Delphine Pfannerstill&lt;/div&gt;\n
                                            &lt;small class="text-muted"&gt;adams.torrance@example.org&lt;/small&gt;\n
                                        &lt;/div&gt;\n
                                    &lt;/div&gt;\n
                                &lt;/td&gt;\n
                                &lt;td&gt;Admin Test Event&lt;/td&gt;\n
                                &lt;td&gt;Aug 13, 2025&lt;/td&gt;\n
                                &lt;td&gt;\n
                                    &lt;span class="badge bg-success"&gt;\n
                                        Confirmed\n
                                    &lt;/span&gt;\n
                                &lt;/td&gt;\n
                            &lt;/tr&gt;\n
                                                    &lt;/tbody&gt;\n
                    &lt;/table&gt;\n
                &lt;/div&gt;\n
                            &lt;/div&gt;\n
        &lt;/div&gt;\n
\n
        &lt;!-- Upcoming Events --&gt;\n
        &lt;div class="admin-card"&gt;\n
            &lt;div class="admin-card-header"&gt;\n
                &lt;h3 class="admin-card-title"&gt;Upcoming Events&lt;/h3&gt;\n
                &lt;a href="http://localhost:8000/admin/events" class="btn btn-sm btn-outline-primary"&gt;Manage Events&lt;/a&gt;\n
            &lt;/div&gt;\n
            &lt;div class="admin-card-body"&gt;\n
                                                &lt;div class="d-flex align-items-center p-3 border rounded mb-3"&gt;\n
                    &lt;div class="flex-shrink-0"&gt;\n
                        &lt;div class="bg-primary text-white rounded p-2 text-center" style="min-width: 60px;"&gt;\n
                            &lt;div class="fw-bold"&gt;23&lt;/div&gt;\n
                            &lt;small&gt;Oct&lt;/small&gt;\n
                        &lt;/div&gt;\n
                    &lt;/div&gt;\n
                    &lt;div class="flex-grow-1 ms-3"&gt;\n
                        &lt;h6 class="mb-1"&gt;Admin Test Event&lt;/h6&gt;\n
                        &lt;p class="text-muted mb-1"&gt;October 23, 2025 10:42 PM&lt;/p&gt;\n
                        &lt;small class="text-muted"&gt;\n
                            &lt;i class="fas fa-users me-1" aria-hidden="true"&gt;&lt;/i&gt;\n
                            5 registered\n
                        &lt;/small&gt;\n
                    &lt;/div&gt;\n
                    &lt;div class="flex-shrink-0"&gt;\n
                        &lt;a href="http://localhost:8000/admin/events/1" class="btn btn-sm btn-outline-primary"&gt;\n
                            Manage\n
                        &lt;/a&gt;\n
                    &lt;/div&gt;\n
                &lt;/div&gt;\n
                                            &lt;/div&gt;\n
        &lt;/div&gt;\n
    &lt;/div&gt;\n
\n
    &lt;div class="col-lg-4"&gt;\n
        &lt;!-- Quick Actions --&gt;\n
        &lt;div class="admin-card mb-4"&gt;\n
            &lt;div class="admin-card-header"&gt;\n
                &lt;h3 class="admin-card-title"&gt;Quick Actions&lt;/h3&gt;\n
            &lt;/div&gt;\n
            &lt;div class="admin-card-body"&gt;\n
                &lt;div class="d-grid gap-2"&gt;\n
                    &lt;a href="http://localhost:8000/admin/events/create" class="btn btn-primary"&gt;\n
                        &lt;i class="fas fa-plus me-2" aria-hidden="true"&gt;&lt;/i&gt;Create New Event\n
                    &lt;/a&gt;\n
                    &lt;a href="http://localhost:8000/admin/events" class="btn btn-outline-primary"&gt;\n
                        &lt;i class="fas fa-calendar me-2" aria-hidden="true"&gt;&lt;/i&gt;Manage Events\n
                    &lt;/a&gt;\n
                    &lt;a href="http://localhost:8000/admin/speakers" class="btn btn-outline-primary"&gt;\n
                        &lt;i class="fas fa-users me-2" aria-hidden="true"&gt;&lt;/i&gt;Manage Speakers\n
                    &lt;/a&gt;\n
                    &lt;a href="http://localhost:8000/admin/wallet-settings" class="btn btn-outline-success"&gt;\n
                        &lt;i class="fas fa-wallet me-2" aria-hidden="true"&gt;&lt;/i&gt;Crypto Wallets\n
                    &lt;/a&gt;\n
                    &lt;a href="http://localhost:8000/admin/payments/pending" class="btn btn-outline-warning"&gt;\n
                        &lt;i class="fas fa-credit-card me-2" aria-hidden="true"&gt;&lt;/i&gt;Review Payments\n
                    &lt;/a&gt;\n
                    &lt;hr&gt;\n
                    &lt;a href="http://localhost:8000/admin/registrations" class="btn btn-outline-info"&gt;\n
                        &lt;i class="fas fa-clipboard-list me-2" aria-hidden="true"&gt;&lt;/i&gt;Registrations\n
                    &lt;/a&gt;\n
                    &lt;a href="http://localhost:8000/admin/tickets" class="btn btn-outline-info"&gt;\n
                        &lt;i class="fas fa-ticket-alt me-2" aria-hidden="true"&gt;&lt;/i&gt;Tickets\n
                    &lt;/a&gt;\n
                    &lt;a href="http://localhost:8000/admin/users" class="btn btn-outline-secondary"&gt;\n
                        &lt;i class="fas fa-user-cog me-2" aria-hidden="true"&gt;&lt;/i&gt;Users\n
                    &lt;/a&gt;\n
                    &lt;a href="http://localhost:8000/admin/roles" class="btn btn-outline-secondary"&gt;\n
                        &lt;i class="fas fa-user-shield me-2" aria-hidden="true"&gt;&lt;/i&gt;Roles\n
                    &lt;/a&gt;\n
                    &lt;a href="http://localhost:8000/admin/reports" class="btn btn-outline-dark"&gt;\n
                        &lt;i class="fas fa-chart-bar me-2" aria-hidden="true"&gt;&lt;/i&gt;Reports\n
                    &lt;/a&gt;\n
                &lt;/div&gt;\n
            &lt;/div&gt;\n
        &lt;/div&gt;\n
\n
        &lt;!-- System Status --&gt;\n
        &lt;div class="admin-card"&gt;\n
            &lt;div class="admin-card-header"&gt;\n
                &lt;h3 class="admin-card-title"&gt;System Status&lt;/h3&gt;\n
            &lt;/div&gt;\n
            &lt;div class="admin-card-body"&gt;\n
                &lt;div class="mb-3"&gt;\n
                    &lt;div class="d-flex justify-content-between align-items-center mb-1"&gt;\n
                        &lt;span class="text-muted"&gt;Server Status&lt;/span&gt;\n
                        &lt;span class="badge bg-success"&gt;Online&lt;/span&gt;\n
                    &lt;/div&gt;\n
                &lt;/div&gt;\n
\n
                &lt;div class="mb-3"&gt;\n
                    &lt;div class="d-flex justify-content-between align-items-center mb-1"&gt;\n
                        &lt;span class="text-muted"&gt;Database&lt;/span&gt;\n
                        &lt;span class="badge bg-success"&gt;Connected&lt;/span&gt;\n
                    &lt;/div&gt;\n
                &lt;/div&gt;\n
\n
                &lt;div class="mb-3"&gt;\n
                    &lt;div class="d-flex justify-content-between align-items-center mb-1"&gt;\n
                        &lt;span class="text-muted"&gt;Email Service&lt;/span&gt;\n
                        &lt;span class="badge bg-success"&gt;Active&lt;/span&gt;\n
                    &lt;/div&gt;\n
                &lt;/div&gt;\n
\n
                &lt;div class="mb-3"&gt;\n
                    &lt;div class="d-flex justify-content-between align-items-center mb-1"&gt;\n
                        &lt;span class="text-muted"&gt;Storage&lt;/span&gt;\n
                        &lt;span class="text-success"&gt;78% used&lt;/span&gt;\n
                    &lt;/div&gt;\n
                    &lt;div class="progress" style="height: 6px;"&gt;\n
                        &lt;div class="progress-bar bg-success" style="width: 78%"&gt;&lt;/div&gt;\n
                    &lt;/div&gt;\n
                &lt;/div&gt;\n
\n
                &lt;div class="text-center mt-3"&gt;\n
                    &lt;a href="http://localhost:8000/admin/settings" class="btn btn-sm btn-outline-primary"&gt;\n
                        System Settings\n
                    &lt;/a&gt;\n
                &lt;/div&gt;\n
            &lt;/div&gt;\n
        &lt;/div&gt;\n
    &lt;/div&gt;\n
&lt;/div&gt;\n
            &lt;/div&gt;\n
        &lt;/main&gt;\n
    &lt;/div&gt;\n
\n
    \n
    &lt;script&gt;\n
        document.addEventListener('DOMContentLoaded', function() {\n
            const sidebarToggle = document.getElementById('sidebarToggle');\n
            const sidebar = document.getElementById('adminSidebar');\n
            const main = document.getElementById('adminMain');\n
\n
            if (sidebarToggle) {\n
                sidebarToggle.addEventListener('click', function() {\n
                    sidebar.classList.toggle('show');\n
                    sidebar.classList.toggle('collapsed');\n
                    main.classList.toggle('expanded');\n
                });\n
            }\n
\n
            // Close sidebar when clicking outside on mobile\n
            document.addEventListener('click', function(e) {\n
                if (window.innerWidth &lt;= 768 &amp;&amp;\n
                    !sidebar.contains(e.target) &amp;&amp;\n
                    !sidebarToggle.contains(e.target) &amp;&amp;\n
                    sidebar.classList.contains('show')) {\n
                    sidebar.classList.remove('show');\n
                }\n
            });\n
\n
            // Auto-dismiss alerts\n
            const alerts = document.querySelectorAll('.alert:not(.alert-permanent)');\n
            alerts.forEach(function(alert) {\n
                setTimeout(function() {\n
                    const bsAlert = new bootstrap.Alert(alert);\n
                    bsAlert.close();\n
                }, 5000);\n
            });\n
        });\n
    &lt;/script&gt;\n
\n
    &lt;form id="logout-form-header" action="http://localhost:8000/logout" method="POST" class="d-none"&gt;\n
        &lt;input type="hidden" name="_token" value="7lSVtxp0VYHJXWLvSk5vjE8MlV1kqFw5p8FE2uwB" autocomplete="off"&gt;    &lt;/form&gt;\n
&lt;/body&gt;\n
\n
&lt;/html&gt;' [ASCII](length: 37683) contains "Payment Statistics" [ASCII](length: 18).

/Users/Apple/Desktop/dev_folder/Dev_project/test.kiro2/leadership-summit-laravel/vendor/laravel/framework/src/Illuminate/Testing/TestResponse.php:560
/Users/Apple/Desktop/dev_folder/Dev_project/test.kiro2/leadership-summit-laravel/tests/Feature/AdminPaymentValidationTest.php:348</failure>
    </testcase>
  </testsuite>
</testsuites>
