<?xml version="1.0" encoding="UTF-8"?>
<testsuites>
  <testsuite name="Tests\Feature\EndToEndPaymentJourneyTest" file="/Users/Apple/Desktop/dev_folder/Dev_project/test.kiro2/leadership-summit-laravel/tests/Feature/EndToEndPaymentJourneyTest.php" tests="6" assertions="0" errors="6" failures="0" skipped="0" time="0.000000">
    <testcase name="complete_card_payment_user_journey_works_correctly" file="/Users/Apple/Desktop/dev_folder/Dev_project/test.kiro2/leadership-summit-laravel/tests/Feature/EndToEndPaymentJourneyTest.php" line="57" class="Tests\Feature\EndToEndPaymentJourneyTest" classname="Tests.Feature.EndToEndPaymentJourneyTest" assertions="0" time="0.000000">
      <error type="Illuminate\Database\QueryException">Tests\Feature\EndToEndPaymentJourneyTest::complete_card_payment_user_journey_works_correctly
Illuminate\Database\QueryException: SQLSTATE[HY000]: General error: 1 no such table: uni_payment_settings (Connection: sqlite, SQL: insert into "uni_payment_settings" ("app_id", "api_key", "environment", "webhook_secret", "is_enabled", "supported_currencies", "processing_fee_percentage", "minimum_amount", "maximum_amount", "updated_at", "created_at") values (test_app_id, eyJpdiI6Ik9qV1llc3BpWVRqUmRIdGVMWlBTVnc9PSIsInZhbHVlIjoibjYweG5TM3o1bnczNW5MMmlTOFk0Zz09IiwibWFjIjoiYzU5MTNmMzc4NzhjYmVmNmU2NjBjMzc5YTJlZWNmYTc2ZTY0YjY5OWJiYjgyNTc4ZDgzZWI0YmJhM2Q5NDY0MCIsInRhZyI6IiJ9, sandbox, test_webhook_secret, 1, ["USD"], 2.9, 1, 10000, 2025-08-13 11:35:13, 2025-08-13 11:35:13))

/Users/Apple/Desktop/dev_folder/Dev_project/test.kiro2/leadership-summit-laravel/vendor/laravel/framework/src/Illuminate/Database/Connection.php:829
/Users/Apple/Desktop/dev_folder/Dev_project/test.kiro2/leadership-summit-laravel/vendor/laravel/framework/src/Illuminate/Database/Connection.php:783
/Users/Apple/Desktop/dev_folder/Dev_project/test.kiro2/leadership-summit-laravel/vendor/laravel/framework/src/Illuminate/Database/Connection.php:576
/Users/Apple/Desktop/dev_folder/Dev_project/test.kiro2/leadership-summit-laravel/vendor/laravel/framework/src/Illuminate/Database/Connection.php:540
/Users/Apple/Desktop/dev_folder/Dev_project/test.kiro2/leadership-summit-laravel/vendor/laravel/framework/src/Illuminate/Database/Query/Processors/Processor.php:32
/Users/Apple/Desktop/dev_folder/Dev_project/test.kiro2/leadership-summit-laravel/vendor/laravel/framework/src/Illuminate/Database/Query/Builder.php:3549
/Users/Apple/Desktop/dev_folder/Dev_project/test.kiro2/leadership-summit-laravel/vendor/laravel/framework/src/Illuminate/Database/Eloquent/Builder.php:1982
/Users/Apple/Desktop/dev_folder/Dev_project/test.kiro2/leadership-summit-laravel/vendor/laravel/framework/src/Illuminate/Database/Eloquent/Model.php:1334
/Users/Apple/Desktop/dev_folder/Dev_project/test.kiro2/leadership-summit-laravel/vendor/laravel/framework/src/Illuminate/Database/Eloquent/Model.php:1299
/Users/Apple/Desktop/dev_folder/Dev_project/test.kiro2/leadership-summit-laravel/vendor/laravel/framework/src/Illuminate/Database/Eloquent/Model.php:1138
/Users/Apple/Desktop/dev_folder/Dev_project/test.kiro2/leadership-summit-laravel/vendor/laravel/framework/src/Illuminate/Database/Eloquent/Builder.php:1025
/Users/Apple/Desktop/dev_folder/Dev_project/test.kiro2/leadership-summit-laravel/vendor/laravel/framework/src/Illuminate/Support/helpers.php:320
/Users/Apple/Desktop/dev_folder/Dev_project/test.kiro2/leadership-summit-laravel/vendor/laravel/framework/src/Illuminate/Database/Eloquent/Builder.php:1024
/Users/Apple/Desktop/dev_folder/Dev_project/test.kiro2/leadership-summit-laravel/vendor/laravel/framework/src/Illuminate/Support/Traits/ForwardsCalls.php:23
/Users/Apple/Desktop/dev_folder/Dev_project/test.kiro2/leadership-summit-laravel/vendor/laravel/framework/src/Illuminate/Database/Eloquent/Model.php:2335
/Users/Apple/Desktop/dev_folder/Dev_project/test.kiro2/leadership-summit-laravel/vendor/laravel/framework/src/Illuminate/Database/Eloquent/Model.php:2347
/Users/Apple/Desktop/dev_folder/Dev_project/test.kiro2/leadership-summit-laravel/tests/Feature/EndToEndPaymentJourneyTest.php:43</error>
    </testcase>
    <testcase name="payment_method_switching_preserves_registration_data" file="/Users/Apple/Desktop/dev_folder/Dev_project/test.kiro2/leadership-summit-laravel/tests/Feature/EndToEndPaymentJourneyTest.php" line="133" class="Tests\Feature\EndToEndPaymentJourneyTest" classname="Tests.Feature.EndToEndPaymentJourneyTest" assertions="0" time="0.000000">
      <error type="Illuminate\Database\QueryException">Tests\Feature\EndToEndPaymentJourneyTest::payment_method_switching_preserves_registration_data
Illuminate\Database\QueryException: SQLSTATE[HY000]: General error: 1 no such table: uni_payment_settings (Connection: sqlite, SQL: insert into "uni_payment_settings" ("app_id", "api_key", "environment", "webhook_secret", "is_enabled", "supported_currencies", "processing_fee_percentage", "minimum_amount", "maximum_amount", "updated_at", "created_at") values (test_app_id, eyJpdiI6IlRkRXdHakxhMzA1Z2V6UjhBWGs2Z0E9PSIsInZhbHVlIjoicm5tc2FqbThUSTNCdW8wM1pBNloyZz09IiwibWFjIjoiYjg1ZjJlZDYxMDU3NGI3Yzg3ZGIxODQyNjY5MDU1MGViNTRlNzM5YzZmOWU0YjJkYzZmZmJjYmIwOTYzZWExYSIsInRhZyI6IiJ9, sandbox, test_webhook_secret, 1, ["USD"], 2.9, 1, 10000, 2025-08-13 11:35:13, 2025-08-13 11:35:13))

/Users/Apple/Desktop/dev_folder/Dev_project/test.kiro2/leadership-summit-laravel/vendor/laravel/framework/src/Illuminate/Database/Connection.php:829
/Users/Apple/Desktop/dev_folder/Dev_project/test.kiro2/leadership-summit-laravel/vendor/laravel/framework/src/Illuminate/Database/Connection.php:783
/Users/Apple/Desktop/dev_folder/Dev_project/test.kiro2/leadership-summit-laravel/vendor/laravel/framework/src/Illuminate/Database/Connection.php:576
/Users/Apple/Desktop/dev_folder/Dev_project/test.kiro2/leadership-summit-laravel/vendor/laravel/framework/src/Illuminate/Database/Connection.php:540
/Users/Apple/Desktop/dev_folder/Dev_project/test.kiro2/leadership-summit-laravel/vendor/laravel/framework/src/Illuminate/Database/Query/Processors/Processor.php:32
/Users/Apple/Desktop/dev_folder/Dev_project/test.kiro2/leadership-summit-laravel/vendor/laravel/framework/src/Illuminate/Database/Query/Builder.php:3549
/Users/Apple/Desktop/dev_folder/Dev_project/test.kiro2/leadership-summit-laravel/vendor/laravel/framework/src/Illuminate/Database/Eloquent/Builder.php:1982
/Users/Apple/Desktop/dev_folder/Dev_project/test.kiro2/leadership-summit-laravel/vendor/laravel/framework/src/Illuminate/Database/Eloquent/Model.php:1334
/Users/Apple/Desktop/dev_folder/Dev_project/test.kiro2/leadership-summit-laravel/vendor/laravel/framework/src/Illuminate/Database/Eloquent/Model.php:1299
/Users/Apple/Desktop/dev_folder/Dev_project/test.kiro2/leadership-summit-laravel/vendor/laravel/framework/src/Illuminate/Database/Eloquent/Model.php:1138
/Users/Apple/Desktop/dev_folder/Dev_project/test.kiro2/leadership-summit-laravel/vendor/laravel/framework/src/Illuminate/Database/Eloquent/Builder.php:1025
/Users/Apple/Desktop/dev_folder/Dev_project/test.kiro2/leadership-summit-laravel/vendor/laravel/framework/src/Illuminate/Support/helpers.php:320
/Users/Apple/Desktop/dev_folder/Dev_project/test.kiro2/leadership-summit-laravel/vendor/laravel/framework/src/Illuminate/Database/Eloquent/Builder.php:1024
/Users/Apple/Desktop/dev_folder/Dev_project/test.kiro2/leadership-summit-laravel/vendor/laravel/framework/src/Illuminate/Support/Traits/ForwardsCalls.php:23
/Users/Apple/Desktop/dev_folder/Dev_project/test.kiro2/leadership-summit-laravel/vendor/laravel/framework/src/Illuminate/Database/Eloquent/Model.php:2335
/Users/Apple/Desktop/dev_folder/Dev_project/test.kiro2/leadership-summit-laravel/vendor/laravel/framework/src/Illuminate/Database/Eloquent/Model.php:2347
/Users/Apple/Desktop/dev_folder/Dev_project/test.kiro2/leadership-summit-laravel/tests/Feature/EndToEndPaymentJourneyTest.php:43</error>
    </testcase>
    <testcase name="payment_failure_recovery_flow_works" file="/Users/Apple/Desktop/dev_folder/Dev_project/test.kiro2/leadership-summit-laravel/tests/Feature/EndToEndPaymentJourneyTest.php" line="184" class="Tests\Feature\EndToEndPaymentJourneyTest" classname="Tests.Feature.EndToEndPaymentJourneyTest" assertions="0" time="0.000000">
      <error type="Illuminate\Database\QueryException">Tests\Feature\EndToEndPaymentJourneyTest::payment_failure_recovery_flow_works
Illuminate\Database\QueryException: SQLSTATE[HY000]: General error: 1 no such table: uni_payment_settings (Connection: sqlite, SQL: insert into "uni_payment_settings" ("app_id", "api_key", "environment", "webhook_secret", "is_enabled", "supported_currencies", "processing_fee_percentage", "minimum_amount", "maximum_amount", "updated_at", "created_at") values (test_app_id, eyJpdiI6Ijd0OHQxUUJCR3c2R25oSXpaYm9TMUE9PSIsInZhbHVlIjoiQksxSHpZWDVKcVYzeUY2N3ZJQXFDUT09IiwibWFjIjoiNThkNDEzMjljNDViODVjNTczMzk2MjdlZDljMjE2ODQ2Zjc2OWJjOTAxODEyMzExMDhjYTAzZGFhNmNlN2NiOSIsInRhZyI6IiJ9, sandbox, test_webhook_secret, 1, ["USD"], 2.9, 1, 10000, 2025-08-13 11:35:13, 2025-08-13 11:35:13))

/Users/Apple/Desktop/dev_folder/Dev_project/test.kiro2/leadership-summit-laravel/vendor/laravel/framework/src/Illuminate/Database/Connection.php:829
/Users/Apple/Desktop/dev_folder/Dev_project/test.kiro2/leadership-summit-laravel/vendor/laravel/framework/src/Illuminate/Database/Connection.php:783
/Users/Apple/Desktop/dev_folder/Dev_project/test.kiro2/leadership-summit-laravel/vendor/laravel/framework/src/Illuminate/Database/Connection.php:576
/Users/Apple/Desktop/dev_folder/Dev_project/test.kiro2/leadership-summit-laravel/vendor/laravel/framework/src/Illuminate/Database/Connection.php:540
/Users/Apple/Desktop/dev_folder/Dev_project/test.kiro2/leadership-summit-laravel/vendor/laravel/framework/src/Illuminate/Database/Query/Processors/Processor.php:32
/Users/Apple/Desktop/dev_folder/Dev_project/test.kiro2/leadership-summit-laravel/vendor/laravel/framework/src/Illuminate/Database/Query/Builder.php:3549
/Users/Apple/Desktop/dev_folder/Dev_project/test.kiro2/leadership-summit-laravel/vendor/laravel/framework/src/Illuminate/Database/Eloquent/Builder.php:1982
/Users/Apple/Desktop/dev_folder/Dev_project/test.kiro2/leadership-summit-laravel/vendor/laravel/framework/src/Illuminate/Database/Eloquent/Model.php:1334
/Users/Apple/Desktop/dev_folder/Dev_project/test.kiro2/leadership-summit-laravel/vendor/laravel/framework/src/Illuminate/Database/Eloquent/Model.php:1299
/Users/Apple/Desktop/dev_folder/Dev_project/test.kiro2/leadership-summit-laravel/vendor/laravel/framework/src/Illuminate/Database/Eloquent/Model.php:1138
/Users/Apple/Desktop/dev_folder/Dev_project/test.kiro2/leadership-summit-laravel/vendor/laravel/framework/src/Illuminate/Database/Eloquent/Builder.php:1025
/Users/Apple/Desktop/dev_folder/Dev_project/test.kiro2/leadership-summit-laravel/vendor/laravel/framework/src/Illuminate/Support/helpers.php:320
/Users/Apple/Desktop/dev_folder/Dev_project/test.kiro2/leadership-summit-laravel/vendor/laravel/framework/src/Illuminate/Database/Eloquent/Builder.php:1024
/Users/Apple/Desktop/dev_folder/Dev_project/test.kiro2/leadership-summit-laravel/vendor/laravel/framework/src/Illuminate/Support/Traits/ForwardsCalls.php:23
/Users/Apple/Desktop/dev_folder/Dev_project/test.kiro2/leadership-summit-laravel/vendor/laravel/framework/src/Illuminate/Database/Eloquent/Model.php:2335
/Users/Apple/Desktop/dev_folder/Dev_project/test.kiro2/leadership-summit-laravel/vendor/laravel/framework/src/Illuminate/Database/Eloquent/Model.php:2347
/Users/Apple/Desktop/dev_folder/Dev_project/test.kiro2/leadership-summit-laravel/tests/Feature/EndToEndPaymentJourneyTest.php:43</error>
    </testcase>
    <testcase name="session_timeout_handling_works_correctly" file="/Users/Apple/Desktop/dev_folder/Dev_project/test.kiro2/leadership-summit-laravel/tests/Feature/EndToEndPaymentJourneyTest.php" line="231" class="Tests\Feature\EndToEndPaymentJourneyTest" classname="Tests.Feature.EndToEndPaymentJourneyTest" assertions="0" time="0.000000">
      <error type="Illuminate\Database\QueryException">Tests\Feature\EndToEndPaymentJourneyTest::session_timeout_handling_works_correctly
Illuminate\Database\QueryException: SQLSTATE[HY000]: General error: 1 no such table: uni_payment_settings (Connection: sqlite, SQL: insert into "uni_payment_settings" ("app_id", "api_key", "environment", "webhook_secret", "is_enabled", "supported_currencies", "processing_fee_percentage", "minimum_amount", "maximum_amount", "updated_at", "created_at") values (test_app_id, eyJpdiI6IkRubS81aFRaNUZhTlFkbjZIOGs1TWc9PSIsInZhbHVlIjoiTVh3L21DZUg5KytIUS9CVXJHSk9yUT09IiwibWFjIjoiNTNmODZmYjI1MGI4YjZhMzg4ZmVjODk4YjExYzc4MTA1OTBlYmU5MjY5NzViOGUzMWEyNjlkZGViNGMzNzdjZCIsInRhZyI6IiJ9, sandbox, test_webhook_secret, 1, ["USD"], 2.9, 1, 10000, 2025-08-13 11:35:13, 2025-08-13 11:35:13))

/Users/Apple/Desktop/dev_folder/Dev_project/test.kiro2/leadership-summit-laravel/vendor/laravel/framework/src/Illuminate/Database/Connection.php:829
/Users/Apple/Desktop/dev_folder/Dev_project/test.kiro2/leadership-summit-laravel/vendor/laravel/framework/src/Illuminate/Database/Connection.php:783
/Users/Apple/Desktop/dev_folder/Dev_project/test.kiro2/leadership-summit-laravel/vendor/laravel/framework/src/Illuminate/Database/Connection.php:576
/Users/Apple/Desktop/dev_folder/Dev_project/test.kiro2/leadership-summit-laravel/vendor/laravel/framework/src/Illuminate/Database/Connection.php:540
/Users/Apple/Desktop/dev_folder/Dev_project/test.kiro2/leadership-summit-laravel/vendor/laravel/framework/src/Illuminate/Database/Query/Processors/Processor.php:32
/Users/Apple/Desktop/dev_folder/Dev_project/test.kiro2/leadership-summit-laravel/vendor/laravel/framework/src/Illuminate/Database/Query/Builder.php:3549
/Users/Apple/Desktop/dev_folder/Dev_project/test.kiro2/leadership-summit-laravel/vendor/laravel/framework/src/Illuminate/Database/Eloquent/Builder.php:1982
/Users/Apple/Desktop/dev_folder/Dev_project/test.kiro2/leadership-summit-laravel/vendor/laravel/framework/src/Illuminate/Database/Eloquent/Model.php:1334
/Users/Apple/Desktop/dev_folder/Dev_project/test.kiro2/leadership-summit-laravel/vendor/laravel/framework/src/Illuminate/Database/Eloquent/Model.php:1299
/Users/Apple/Desktop/dev_folder/Dev_project/test.kiro2/leadership-summit-laravel/vendor/laravel/framework/src/Illuminate/Database/Eloquent/Model.php:1138
/Users/Apple/Desktop/dev_folder/Dev_project/test.kiro2/leadership-summit-laravel/vendor/laravel/framework/src/Illuminate/Database/Eloquent/Builder.php:1025
/Users/Apple/Desktop/dev_folder/Dev_project/test.kiro2/leadership-summit-laravel/vendor/laravel/framework/src/Illuminate/Support/helpers.php:320
/Users/Apple/Desktop/dev_folder/Dev_project/test.kiro2/leadership-summit-laravel/vendor/laravel/framework/src/Illuminate/Database/Eloquent/Builder.php:1024
/Users/Apple/Desktop/dev_folder/Dev_project/test.kiro2/leadership-summit-laravel/vendor/laravel/framework/src/Illuminate/Support/Traits/ForwardsCalls.php:23
/Users/Apple/Desktop/dev_folder/Dev_project/test.kiro2/leadership-summit-laravel/vendor/laravel/framework/src/Illuminate/Database/Eloquent/Model.php:2335
/Users/Apple/Desktop/dev_folder/Dev_project/test.kiro2/leadership-summit-laravel/vendor/laravel/framework/src/Illuminate/Database/Eloquent/Model.php:2347
/Users/Apple/Desktop/dev_folder/Dev_project/test.kiro2/leadership-summit-laravel/tests/Feature/EndToEndPaymentJourneyTest.php:43</error>
    </testcase>
    <testcase name="duplicate_registration_prevention_works_with_card_payments" file="/Users/Apple/Desktop/dev_folder/Dev_project/test.kiro2/leadership-summit-laravel/tests/Feature/EndToEndPaymentJourneyTest.php" line="257" class="Tests\Feature\EndToEndPaymentJourneyTest" classname="Tests.Feature.EndToEndPaymentJourneyTest" assertions="0" time="0.000000">
      <error type="Illuminate\Database\QueryException">Tests\Feature\EndToEndPaymentJourneyTest::duplicate_registration_prevention_works_with_card_payments
Illuminate\Database\QueryException: SQLSTATE[HY000]: General error: 1 no such table: uni_payment_settings (Connection: sqlite, SQL: insert into "uni_payment_settings" ("app_id", "api_key", "environment", "webhook_secret", "is_enabled", "supported_currencies", "processing_fee_percentage", "minimum_amount", "maximum_amount", "updated_at", "created_at") values (test_app_id, eyJpdiI6Imw2K1FNMEJUd3B6M0g3ZmViZU5mUUE9PSIsInZhbHVlIjoiK3ZHRlB1VVpwaHAvR2lobi9DVFFLZz09IiwibWFjIjoiM2Y0ZjJjY2JmNjhjMzE5ZTVhNjVkM2I2MTA5NDA2ZGQ2Mzg5OGVkZDVhYmQ0OGVmMDBkYWE3YTEyODg5NGZjZSIsInRhZyI6IiJ9, sandbox, test_webhook_secret, 1, ["USD"], 2.9, 1, 10000, 2025-08-13 11:35:13, 2025-08-13 11:35:13))

/Users/Apple/Desktop/dev_folder/Dev_project/test.kiro2/leadership-summit-laravel/vendor/laravel/framework/src/Illuminate/Database/Connection.php:829
/Users/Apple/Desktop/dev_folder/Dev_project/test.kiro2/leadership-summit-laravel/vendor/laravel/framework/src/Illuminate/Database/Connection.php:783
/Users/Apple/Desktop/dev_folder/Dev_project/test.kiro2/leadership-summit-laravel/vendor/laravel/framework/src/Illuminate/Database/Connection.php:576
/Users/Apple/Desktop/dev_folder/Dev_project/test.kiro2/leadership-summit-laravel/vendor/laravel/framework/src/Illuminate/Database/Connection.php:540
/Users/Apple/Desktop/dev_folder/Dev_project/test.kiro2/leadership-summit-laravel/vendor/laravel/framework/src/Illuminate/Database/Query/Processors/Processor.php:32
/Users/Apple/Desktop/dev_folder/Dev_project/test.kiro2/leadership-summit-laravel/vendor/laravel/framework/src/Illuminate/Database/Query/Builder.php:3549
/Users/Apple/Desktop/dev_folder/Dev_project/test.kiro2/leadership-summit-laravel/vendor/laravel/framework/src/Illuminate/Database/Eloquent/Builder.php:1982
/Users/Apple/Desktop/dev_folder/Dev_project/test.kiro2/leadership-summit-laravel/vendor/laravel/framework/src/Illuminate/Database/Eloquent/Model.php:1334
/Users/Apple/Desktop/dev_folder/Dev_project/test.kiro2/leadership-summit-laravel/vendor/laravel/framework/src/Illuminate/Database/Eloquent/Model.php:1299
/Users/Apple/Desktop/dev_folder/Dev_project/test.kiro2/leadership-summit-laravel/vendor/laravel/framework/src/Illuminate/Database/Eloquent/Model.php:1138
/Users/Apple/Desktop/dev_folder/Dev_project/test.kiro2/leadership-summit-laravel/vendor/laravel/framework/src/Illuminate/Database/Eloquent/Builder.php:1025
/Users/Apple/Desktop/dev_folder/Dev_project/test.kiro2/leadership-summit-laravel/vendor/laravel/framework/src/Illuminate/Support/helpers.php:320
/Users/Apple/Desktop/dev_folder/Dev_project/test.kiro2/leadership-summit-laravel/vendor/laravel/framework/src/Illuminate/Database/Eloquent/Builder.php:1024
/Users/Apple/Desktop/dev_folder/Dev_project/test.kiro2/leadership-summit-laravel/vendor/laravel/framework/src/Illuminate/Support/Traits/ForwardsCalls.php:23
/Users/Apple/Desktop/dev_folder/Dev_project/test.kiro2/leadership-summit-laravel/vendor/laravel/framework/src/Illuminate/Database/Eloquent/Model.php:2335
/Users/Apple/Desktop/dev_folder/Dev_project/test.kiro2/leadership-summit-laravel/vendor/laravel/framework/src/Illuminate/Database/Eloquent/Model.php:2347
/Users/Apple/Desktop/dev_folder/Dev_project/test.kiro2/leadership-summit-laravel/tests/Feature/EndToEndPaymentJourneyTest.php:43</error>
    </testcase>
    <testcase name="payment_amount_validation_works" file="/Users/Apple/Desktop/dev_folder/Dev_project/test.kiro2/leadership-summit-laravel/tests/Feature/EndToEndPaymentJourneyTest.php" line="299" class="Tests\Feature\EndToEndPaymentJourneyTest" classname="Tests.Feature.EndToEndPaymentJourneyTest" assertions="0" time="0.000000">
      <error type="Illuminate\Database\QueryException">Tests\Feature\EndToEndPaymentJourneyTest::payment_amount_validation_works
Illuminate\Database\QueryException: SQLSTATE[HY000]: General error: 1 no such table: uni_payment_settings (Connection: sqlite, SQL: insert into "uni_payment_settings" ("app_id", "api_key", "environment", "webhook_secret", "is_enabled", "supported_currencies", "processing_fee_percentage", "minimum_amount", "maximum_amount", "updated_at", "created_at") values (test_app_id, eyJpdiI6IlBybnBKT0FmMlJUa1NWTFhLbWk5U0E9PSIsInZhbHVlIjoiWGFaTFVWWFBqWlczdEhvWmp0ZFRGZz09IiwibWFjIjoiYWZmNDY0ODRjN2JjZjliMmYzYmJkNjgyMzBlYmUwOTI1ZTI1OTFiYTAyZDI2YjVhODhkYjQ2NmRkYzY1MGUzZCIsInRhZyI6IiJ9, sandbox, test_webhook_secret, 1, ["USD"], 2.9, 1, 10000, 2025-08-13 11:35:13, 2025-08-13 11:35:13))

/Users/Apple/Desktop/dev_folder/Dev_project/test.kiro2/leadership-summit-laravel/vendor/laravel/framework/src/Illuminate/Database/Connection.php:829
/Users/Apple/Desktop/dev_folder/Dev_project/test.kiro2/leadership-summit-laravel/vendor/laravel/framework/src/Illuminate/Database/Connection.php:783
/Users/Apple/Desktop/dev_folder/Dev_project/test.kiro2/leadership-summit-laravel/vendor/laravel/framework/src/Illuminate/Database/Connection.php:576
/Users/Apple/Desktop/dev_folder/Dev_project/test.kiro2/leadership-summit-laravel/vendor/laravel/framework/src/Illuminate/Database/Connection.php:540
/Users/Apple/Desktop/dev_folder/Dev_project/test.kiro2/leadership-summit-laravel/vendor/laravel/framework/src/Illuminate/Database/Query/Processors/Processor.php:32
/Users/Apple/Desktop/dev_folder/Dev_project/test.kiro2/leadership-summit-laravel/vendor/laravel/framework/src/Illuminate/Database/Query/Builder.php:3549
/Users/Apple/Desktop/dev_folder/Dev_project/test.kiro2/leadership-summit-laravel/vendor/laravel/framework/src/Illuminate/Database/Eloquent/Builder.php:1982
/Users/Apple/Desktop/dev_folder/Dev_project/test.kiro2/leadership-summit-laravel/vendor/laravel/framework/src/Illuminate/Database/Eloquent/Model.php:1334
/Users/Apple/Desktop/dev_folder/Dev_project/test.kiro2/leadership-summit-laravel/vendor/laravel/framework/src/Illuminate/Database/Eloquent/Model.php:1299
/Users/Apple/Desktop/dev_folder/Dev_project/test.kiro2/leadership-summit-laravel/vendor/laravel/framework/src/Illuminate/Database/Eloquent/Model.php:1138
/Users/Apple/Desktop/dev_folder/Dev_project/test.kiro2/leadership-summit-laravel/vendor/laravel/framework/src/Illuminate/Database/Eloquent/Builder.php:1025
/Users/Apple/Desktop/dev_folder/Dev_project/test.kiro2/leadership-summit-laravel/vendor/laravel/framework/src/Illuminate/Support/helpers.php:320
/Users/Apple/Desktop/dev_folder/Dev_project/test.kiro2/leadership-summit-laravel/vendor/laravel/framework/src/Illuminate/Database/Eloquent/Builder.php:1024
/Users/Apple/Desktop/dev_folder/Dev_project/test.kiro2/leadership-summit-laravel/vendor/laravel/framework/src/Illuminate/Support/Traits/ForwardsCalls.php:23
/Users/Apple/Desktop/dev_folder/Dev_project/test.kiro2/leadership-summit-laravel/vendor/laravel/framework/src/Illuminate/Database/Eloquent/Model.php:2335
/Users/Apple/Desktop/dev_folder/Dev_project/test.kiro2/leadership-summit-laravel/vendor/laravel/framework/src/Illuminate/Database/Eloquent/Model.php:2347
/Users/Apple/Desktop/dev_folder/Dev_project/test.kiro2/leadership-summit-laravel/tests/Feature/EndToEndPaymentJourneyTest.php:43</error>
    </testcase>
  </testsuite>
</testsuites>
