<?xml version="1.0" encoding="UTF-8"?>
<testsuites>
  <testsuite name="Tests\Feature\PaymentIntegrationTestSuite" file="/Users/Apple/Desktop/dev_folder/Dev_project/test.kiro2/leadership-summit-laravel/tests/Feature/PaymentIntegrationTestSuite.php" tests="11" assertions="102" errors="0" failures="0" skipped="0" time="0.571624">
    <testcase name="database_schema_is_properly_configured" file="/Users/Apple/Desktop/dev_folder/Dev_project/test.kiro2/leadership-summit-laravel/tests/Feature/PaymentIntegrationTestSuite.php" line="16" class="Tests\Feature\PaymentIntegrationTestSuite" classname="Tests.Feature.PaymentIntegrationTestSuite" assertions="36" time="0.197004"/>
    <testcase name="all_required_routes_are_registered" file="/Users/Apple/Desktop/dev_folder/Dev_project/test.kiro2/leadership-summit-laravel/tests/Feature/PaymentIntegrationTestSuite.php" line="97" class="Tests\Feature\PaymentIntegrationTestSuite" classname="Tests.Feature.PaymentIntegrationTestSuite" assertions="16" time="0.032029"/>
    <testcase name="all_required_middleware_is_configured" file="/Users/Apple/Desktop/dev_folder/Dev_project/test.kiro2/leadership-summit-laravel/tests/Feature/PaymentIntegrationTestSuite.php" line="132" class="Tests\Feature\PaymentIntegrationTestSuite" classname="Tests.Feature.PaymentIntegrationTestSuite" assertions="6" time="0.047443"/>
    <testcase name="all_required_models_exist_and_have_proper_relationships" file="/Users/Apple/Desktop/dev_folder/Dev_project/test.kiro2/leadership-summit-laravel/tests/Feature/PaymentIntegrationTestSuite.php" line="157" class="Tests\Feature\PaymentIntegrationTestSuite" classname="Tests.Feature.PaymentIntegrationTestSuite" assertions="9" time="0.037087"/>
    <testcase name="all_required_services_are_configured" file="/Users/Apple/Desktop/dev_folder/Dev_project/test.kiro2/leadership-summit-laravel/tests/Feature/PaymentIntegrationTestSuite.php" line="194" class="Tests\Feature\PaymentIntegrationTestSuite" classname="Tests.Feature.PaymentIntegrationTestSuite" assertions="3" time="0.034761"/>
    <testcase name="all_required_controllers_exist" file="/Users/Apple/Desktop/dev_folder/Dev_project/test.kiro2/leadership-summit-laravel/tests/Feature/PaymentIntegrationTestSuite.php" line="216" class="Tests\Feature\PaymentIntegrationTestSuite" classname="Tests.Feature.PaymentIntegrationTestSuite" assertions="4" time="0.040335"/>
    <testcase name="all_required_views_exist" file="/Users/Apple/Desktop/dev_folder/Dev_project/test.kiro2/leadership-summit-laravel/tests/Feature/PaymentIntegrationTestSuite.php" line="234" class="Tests\Feature\PaymentIntegrationTestSuite" classname="Tests.Feature.PaymentIntegrationTestSuite" assertions="10" time="0.041593"/>
    <testcase name="configuration_files_are_properly_set" file="/Users/Apple/Desktop/dev_folder/Dev_project/test.kiro2/leadership-summit-laravel/tests/Feature/PaymentIntegrationTestSuite.php" line="258" class="Tests\Feature\PaymentIntegrationTestSuite" classname="Tests.Feature.PaymentIntegrationTestSuite" assertions="7" time="0.032669"/>
    <testcase name="artisan_commands_are_registered" file="/Users/Apple/Desktop/dev_folder/Dev_project/test.kiro2/leadership-summit-laravel/tests/Feature/PaymentIntegrationTestSuite.php" line="290" class="Tests\Feature\PaymentIntegrationTestSuite" classname="Tests.Feature.PaymentIntegrationTestSuite" assertions="1" time="0.037141"/>
    <testcase name="environment_variables_are_documented" file="/Users/Apple/Desktop/dev_folder/Dev_project/test.kiro2/leadership-summit-laravel/tests/Feature/PaymentIntegrationTestSuite.php" line="308" class="Tests\Feature\PaymentIntegrationTestSuite" classname="Tests.Feature.PaymentIntegrationTestSuite" assertions="4" time="0.037520"/>
    <testcase name="payment_validation_rules_are_comprehensive" file="/Users/Apple/Desktop/dev_folder/Dev_project/test.kiro2/leadership-summit-laravel/tests/Feature/PaymentIntegrationTestSuite.php" line="333" class="Tests\Feature\PaymentIntegrationTestSuite" classname="Tests.Feature.PaymentIntegrationTestSuite" assertions="6" time="0.034042"/>
  </testsuite>
</testsuites>
