PHPUnit 10.5.48 by Sebastian Bergmann and contributors.

Runtime:       PHP 8.4.11
Configuration: /Users/Apple/Desktop/dev_folder/Dev_project/test.kiro2/leadership-summit-laravel/phpunit.xml


   FAIL  Tests\Feature\AdminPaymentValidationTest
  â¨¯ admin can configure unipayment settings
  â¨¯ admin can view payment transactions
  â¨¯ admin can view registration payment details
  â¨¯ admin registrations index shows payment information
  â¨¯ admin can test unipayment connection
  â¨¯ admin settings validation works
  â¨¯ non admin cannot access payment admin features
  â¨¯ admin can export payment data
  â¨¯ admin dashboard shows payment statistics
  â”€â”€â”€â”€â”€â”€â”€â”€â”€â”€â”€â”€â”€â”€â”€â”€â”€â”€â”€â”€â”€â”€â”€â”€â”€â”€â”€â”€â”€â”€â”€â”€â”€â”€â”€â”€â”€â”€â”€â”€â”€â”€â”€â”€â”€â”€â”€â”€â”€â”€â”€â”€â”€â”€â”€â”€â”€â”€â”€â”€â”€â”€â”€â”€â”€â”€â”€â”€â”€â”€â”€â”€â”€â”€â”€â”€  
   FAILED  Tests\Feature\AdminPaymentValidationTest > adminâ€¦   QueryException   
  SQLSTATE[HY000]: General error: 1 table users has no column named role (Connection: sqlite, SQL: insert into "users" ("name", "email", "email_verified_at", "password", "remember_token", "role_id", "created_at", "updated_at", "role") values (Prof. Estel Dooley V, admin@test.com, 2025-08-13 11:58:35, $2y$12$T1tOgvLQoUBvs4NehYRYmukQIMU4vE3QTciFIsfRiCOqHfsdoT6A2, k6bQiI0eQm, ?, 2025-08-13 11:58:35, 2025-08-13 11:58:35, admin))

  at vendor/laravel/framework/src/Illuminate/Database/Connection.php:829
    825â–•                     $this->getName(), $query, $this->prepareBindings($bindings), $e
    826â–•                 );
    827â–•             }
    828â–• 
  âžœ 829â–•             throw new QueryException(
    830â–•                 $this->getName(), $query, $this->prepareBindings($bindings), $e
    831â–•             );
    832â–•         }
    833â–•     }

      [2m+18 vendor frames [22m
  19  tests/Feature/AdminPaymentValidationTest.php:28

  â”€â”€â”€â”€â”€â”€â”€â”€â”€â”€â”€â”€â”€â”€â”€â”€â”€â”€â”€â”€â”€â”€â”€â”€â”€â”€â”€â”€â”€â”€â”€â”€â”€â”€â”€â”€â”€â”€â”€â”€â”€â”€â”€â”€â”€â”€â”€â”€â”€â”€â”€â”€â”€â”€â”€â”€â”€â”€â”€â”€â”€â”€â”€â”€â”€â”€â”€â”€â”€â”€â”€â”€â”€â”€â”€â”€  
   FAILED  Tests\Feature\AdminPaymentValidationTest > adminâ€¦   QueryException   
  SQLSTATE[HY000]: General error: 1 table users has no column named role (Connection: sqlite, SQL: insert into "users" ("name", "email", "email_verified_at", "password", "remember_token", "role_id", "created_at", "updated_at", "role") values (Marques Rempel, admin@test.com, 2025-08-13 11:58:36, $2y$12$m4m8po2pwculFQ/8Dv5sfOZM4ELg76b17sHm2yqFXHPko0kFxVv7C, 5oVis1HPhU, ?, 2025-08-13 11:58:36, 2025-08-13 11:58:36, admin))

  at vendor/laravel/framework/src/Illuminate/Database/Connection.php:829
    825â–•                     $this->getName(), $query, $this->prepareBindings($bindings), $e
    826â–•                 );
    827â–•             }
    828â–• 
  âžœ 829â–•             throw new QueryException(
    830â–•                 $this->getName(), $query, $this->prepareBindings($bindings), $e
    831â–•             );
    832â–•         }
    833â–•     }

      [2m+18 vendor frames [22m
  19  tests/Feature/AdminPaymentValidationTest.php:28

  â”€â”€â”€â”€â”€â”€â”€â”€â”€â”€â”€â”€â”€â”€â”€â”€â”€â”€â”€â”€â”€â”€â”€â”€â”€â”€â”€â”€â”€â”€â”€â”€â”€â”€â”€â”€â”€â”€â”€â”€â”€â”€â”€â”€â”€â”€â”€â”€â”€â”€â”€â”€â”€â”€â”€â”€â”€â”€â”€â”€â”€â”€â”€â”€â”€â”€â”€â”€â”€â”€â”€â”€â”€â”€â”€â”€  
   FAILED  Tests\Feature\AdminPaymentValidationTest > adminâ€¦   QueryException   
  SQLSTATE[HY000]: General error: 1 table users has no column named role (Connection: sqlite, SQL: insert into "users" ("name", "email", "email_verified_at", "password", "remember_token", "role_id", "created_at", "updated_at", "role") values (Thurman Little, admin@test.com, 2025-08-13 11:58:37, $2y$12$oQwuIxYpDmP.rsnhYsrQweLTO..wFAbjdYo2Gzkn4YHTcvx4/rivO, p7vWShTAKH, ?, 2025-08-13 11:58:37, 2025-08-13 11:58:37, admin))

  at vendor/laravel/framework/src/Illuminate/Database/Connection.php:829
    825â–•                     $this->getName(), $query, $this->prepareBindings($bindings), $e
    826â–•                 );
    827â–•             }
    828â–• 
  âžœ 829â–•             throw new QueryException(
    830â–•                 $this->getName(), $query, $this->prepareBindings($bindings), $e
    831â–•             );
    832â–•         }
    833â–•     }

      [2m+18 vendor frames [22m
  19  tests/Feature/AdminPaymentValidationTest.php:28

  â”€â”€â”€â”€â”€â”€â”€â”€â”€â”€â”€â”€â”€â”€â”€â”€â”€â”€â”€â”€â”€â”€â”€â”€â”€â”€â”€â”€â”€â”€â”€â”€â”€â”€â”€â”€â”€â”€â”€â”€â”€â”€â”€â”€â”€â”€â”€â”€â”€â”€â”€â”€â”€â”€â”€â”€â”€â”€â”€â”€â”€â”€â”€â”€â”€â”€â”€â”€â”€â”€â”€â”€â”€â”€â”€â”€  
   FAILED  Tests\Feature\AdminPaymentValidationTest > adminâ€¦   QueryException   
  SQLSTATE[HY000]: General error: 1 table users has no column named role (Connection: sqlite, SQL: insert into "users" ("name", "email", "email_verified_at", "password", "remember_token", "role_id", "created_at", "updated_at", "role") values (Ofelia Maggio, admin@test.com, 2025-08-13 11:58:37, $2y$12$LnWWo7SpxX5dmVNt5aqVT.QTz/y1YWU0/wFNQ6obSnLwuPxz/m4ZG, U8P9VMpgGt, ?, 2025-08-13 11:58:38, 2025-08-13 11:58:38, admin))

  at vendor/laravel/framework/src/Illuminate/Database/Connection.php:829
    825â–•                     $this->getName(), $query, $this->prepareBindings($bindings), $e
    826â–•                 );
    827â–•             }
    828â–• 
  âžœ 829â–•             throw new QueryException(
    830â–•                 $this->getName(), $query, $this->prepareBindings($bindings), $e
    831â–•             );
    832â–•         }
    833â–•     }

      [2m+18 vendor frames [22m
  19  tests/Feature/AdminPaymentValidationTest.php:28

  â”€â”€â”€â”€â”€â”€â”€â”€â”€â”€â”€â”€â”€â”€â”€â”€â”€â”€â”€â”€â”€â”€â”€â”€â”€â”€â”€â”€â”€â”€â”€â”€â”€â”€â”€â”€â”€â”€â”€â”€â”€â”€â”€â”€â”€â”€â”€â”€â”€â”€â”€â”€â”€â”€â”€â”€â”€â”€â”€â”€â”€â”€â”€â”€â”€â”€â”€â”€â”€â”€â”€â”€â”€â”€â”€â”€  
   FAILED  Tests\Feature\AdminPaymentValidationTest > adminâ€¦   QueryException   
  SQLSTATE[HY000]: General error: 1 table users has no column named role (Connection: sqlite, SQL: insert into "users" ("name", "email", "email_verified_at", "password", "remember_token", "role_id", "created_at", "updated_at", "role") values (Miss Adaline Hodkiewicz, admin@test.com, 2025-08-13 11:58:38, $2y$12$yqORsyYf0j47WkPPnipXPepWsjZ7r6wiS9AifuaLNzvQTimELkOcu, YtyDkgWLto, ?, 2025-08-13 11:58:39, 2025-08-13 11:58:39, admin))

  at vendor/laravel/framework/src/Illuminate/Database/Connection.php:829
    825â–•                     $this->getName(), $query, $this->prepareBindings($bindings), $e
    826â–•                 );
    827â–•             }
    828â–• 
  âžœ 829â–•             throw new QueryException(
    830â–•                 $this->getName(), $query, $this->prepareBindings($bindings), $e
    831â–•             );
    832â–•         }
    833â–•     }

      [2m+18 vendor frames [22m
  19  tests/Feature/AdminPaymentValidationTest.php:28

  â”€â”€â”€â”€â”€â”€â”€â”€â”€â”€â”€â”€â”€â”€â”€â”€â”€â”€â”€â”€â”€â”€â”€â”€â”€â”€â”€â”€â”€â”€â”€â”€â”€â”€â”€â”€â”€â”€â”€â”€â”€â”€â”€â”€â”€â”€â”€â”€â”€â”€â”€â”€â”€â”€â”€â”€â”€â”€â”€â”€â”€â”€â”€â”€â”€â”€â”€â”€â”€â”€â”€â”€â”€â”€â”€â”€  
   FAILED  Tests\Feature\AdminPaymentValidationTest > adminâ€¦   QueryException   
  SQLSTATE[HY000]: General error: 1 table users has no column named role (Connection: sqlite, SQL: insert into "users" ("name", "email", "email_verified_at", "password", "remember_token", "role_id", "created_at", "updated_at", "role") values (Adelle Wolf, admin@test.com, 2025-08-13 11:58:40, $2y$12$C8SEiNQs6FASTIuAleuQZO5XsevsdfJfVMsKFAiwReo1egQpIM9hW, 9N1wolE3rr, ?, 2025-08-13 11:58:40, 2025-08-13 11:58:40, admin))

  at vendor/laravel/framework/src/Illuminate/Database/Connection.php:829
    825â–•                     $this->getName(), $query, $this->prepareBindings($bindings), $e
    826â–•                 );
    827â–•             }
    828â–• 
  âžœ 829â–•             throw new QueryException(
    830â–•                 $this->getName(), $query, $this->prepareBindings($bindings), $e
    831â–•             );
    832â–•         }
    833â–•     }

      [2m+18 vendor frames [22m
  19  tests/Feature/AdminPaymentValidationTest.php:28

  â”€â”€â”€â”€â”€â”€â”€â”€â”€â”€â”€â”€â”€â”€â”€â”€â”€â”€â”€â”€â”€â”€â”€â”€â”€â”€â”€â”€â”€â”€â”€â”€â”€â”€â”€â”€â”€â”€â”€â”€â”€â”€â”€â”€â”€â”€â”€â”€â”€â”€â”€â”€â”€â”€â”€â”€â”€â”€â”€â”€â”€â”€â”€â”€â”€â”€â”€â”€â”€â”€â”€â”€â”€â”€â”€â”€  
   FAILED  Tests\Feature\AdminPaymentValidationTest > non adâ€¦  QueryException   
  SQLSTATE[HY000]: General error: 1 table users has no column named role (Connection: sqlite, SQL: insert into "users" ("name", "email", "email_verified_at", "password", "remember_token", "role_id", "created_at", "updated_at", "role") values (Mr. Adrian Sawayn II, admin@test.com, 2025-08-13 11:58:41, $2y$12$jnZXCTvAHVGesMAyUu0r3.S/9DB96h/WqUJlYoahhH6kbMc.oOoaa, qsmp1in86n, ?, 2025-08-13 11:58:41, 2025-08-13 11:58:41, admin))

  at vendor/laravel/framework/src/Illuminate/Database/Connection.php:829
    825â–•                     $this->getName(), $query, $this->prepareBindings($bindings), $e
    826â–•                 );
    827â–•             }
    828â–• 
  âžœ 829â–•             throw new QueryException(
    830â–•                 $this->getName(), $query, $this->prepareBindings($bindings), $e
    831â–•             );
    832â–•         }
    833â–•     }

      [2m+18 vendor frames [22m
  19  tests/Feature/AdminPaymentValidationTest.php:28

  â”€â”€â”€â”€â”€â”€â”€â”€â”€â”€â”€â”€â”€â”€â”€â”€â”€â”€â”€â”€â”€â”€â”€â”€â”€â”€â”€â”€â”€â”€â”€â”€â”€â”€â”€â”€â”€â”€â”€â”€â”€â”€â”€â”€â”€â”€â”€â”€â”€â”€â”€â”€â”€â”€â”€â”€â”€â”€â”€â”€â”€â”€â”€â”€â”€â”€â”€â”€â”€â”€â”€â”€â”€â”€â”€â”€  
   FAILED  Tests\Feature\AdminPaymentValidationTest > adminâ€¦   QueryException   
  SQLSTATE[HY000]: General error: 1 table users has no column named role (Connection: sqlite, SQL: insert into "users" ("name", "email", "email_verified_at", "password", "remember_token", "role_id", "created_at", "updated_at", "role") values (Mrs. Laisha Krajcik, admin@test.com, 2025-08-13 11:58:42, $2y$12$FbFCwzXLwmUFzVffxygnOOH835yoVXVs4mlLt2ViJJLrm6c6rFRam, mCyZCSGAxZ, ?, 2025-08-13 11:58:42, 2025-08-13 11:58:42, admin))

  at vendor/laravel/framework/src/Illuminate/Database/Connection.php:829
    825â–•                     $this->getName(), $query, $this->prepareBindings($bindings), $e
    826â–•                 );
    827â–•             }
    828â–• 
  âžœ 829â–•             throw new QueryException(
    830â–•                 $this->getName(), $query, $this->prepareBindings($bindings), $e
    831â–•             );
    832â–•         }
    833â–•     }

      [2m+18 vendor frames [22m
  19  tests/Feature/AdminPaymentValidationTest.php:28

  â”€â”€â”€â”€â”€â”€â”€â”€â”€â”€â”€â”€â”€â”€â”€â”€â”€â”€â”€â”€â”€â”€â”€â”€â”€â”€â”€â”€â”€â”€â”€â”€â”€â”€â”€â”€â”€â”€â”€â”€â”€â”€â”€â”€â”€â”€â”€â”€â”€â”€â”€â”€â”€â”€â”€â”€â”€â”€â”€â”€â”€â”€â”€â”€â”€â”€â”€â”€â”€â”€â”€â”€â”€â”€â”€â”€  
   FAILED  Tests\Feature\AdminPaymentValidationTest > adminâ€¦   QueryException   
  SQLSTATE[HY000]: General error: 1 table users has no column named role (Connection: sqlite, SQL: insert into "users" ("name", "email", "email_verified_at", "password", "remember_token", "role_id", "created_at", "updated_at", "role") values (Bernita Russel, admin@test.com, 2025-08-13 11:58:43, $2y$12$b77p8Fw2yDQaNLPEdvuk2eaMXy6U4k.RNxmmE3Vr6vQkoaTaDgq5K, wVOPBPsZ1a, ?, 2025-08-13 11:58:43, 2025-08-13 11:58:43, admin))

  at vendor/laravel/framework/src/Illuminate/Database/Connection.php:829
    825â–•                     $this->getName(), $query, $this->prepareBindings($bindings), $e
    826â–•                 );
    827â–•             }
    828â–• 
  âžœ 829â–•             throw new QueryException(
    830â–•                 $this->getName(), $query, $this->prepareBindings($bindings), $e
    831â–•             );
    832â–•         }
    833â–•     }

      [2m+18 vendor frames [22m
  19  tests/Feature/AdminPaymentValidationTest.php:28


  Tests:    9 failed (0 assertions)
  Duration: 8.97s

Time: 00:08.987, Memory: 44.50 MB

Admin Payment Validation (Tests\Feature\AdminPaymentValidation)
 âœ˜ Admin can configure unipayment settings
   â”‚
   â”‚ Illuminate\Database\QueryException: SQLSTATE[HY000]: General error: 1 table users has no column named role (Connection: sqlite, SQL: insert into "users" ("name", "email", "email_verified_at", "password", "remember_token", "role_id", "created_at", "updated_at", "role") values (Prof. Estel Dooley V, admin@test.com, 2025-08-13 11:58:35, $2y$12$T1tOgvLQoUBvs4NehYRYmukQIMU4vE3QTciFIsfRiCOqHfsdoT6A2, k6bQiI0eQm, ?, 2025-08-13 11:58:35, 2025-08-13 11:58:35, admin))
   â”‚
   â”‚ /Users/Apple/Desktop/dev_folder/Dev_project/test.kiro2/leadership-summit-laravel/vendor/laravel/framework/src/Illuminate/Database/Connection.php:829
   â”‚ /Users/Apple/Desktop/dev_folder/Dev_project/test.kiro2/leadership-summit-laravel/vendor/laravel/framework/src/Illuminate/Database/Connection.php:783
   â”‚ /Users/Apple/Desktop/dev_folder/Dev_project/test.kiro2/leadership-summit-laravel/vendor/laravel/framework/src/Illuminate/Database/Connection.php:576
   â”‚ /Users/Apple/Desktop/dev_folder/Dev_project/test.kiro2/leadership-summit-laravel/vendor/laravel/framework/src/Illuminate/Database/Connection.php:540
   â”‚ /Users/Apple/Desktop/dev_folder/Dev_project/test.kiro2/leadership-summit-laravel/vendor/laravel/framework/src/Illuminate/Database/Query/Processors/Processor.php:32
   â”‚ /Users/Apple/Desktop/dev_folder/Dev_project/test.kiro2/leadership-summit-laravel/vendor/laravel/framework/src/Illuminate/Database/Query/Builder.php:3549
   â”‚ /Users/Apple/Desktop/dev_folder/Dev_project/test.kiro2/leadership-summit-laravel/vendor/laravel/framework/src/Illuminate/Database/Eloquent/Builder.php:1982
   â”‚ /Users/Apple/Desktop/dev_folder/Dev_project/test.kiro2/leadership-summit-laravel/vendor/laravel/framework/src/Illuminate/Database/Eloquent/Model.php:1334
   â”‚ /Users/Apple/Desktop/dev_folder/Dev_project/test.kiro2/leadership-summit-laravel/vendor/laravel/framework/src/Illuminate/Database/Eloquent/Model.php:1299
   â”‚ /Users/Apple/Desktop/dev_folder/Dev_project/test.kiro2/leadership-summit-laravel/vendor/laravel/framework/src/Illuminate/Database/Eloquent/Model.php:1138
   â”‚ /Users/Apple/Desktop/dev_folder/Dev_project/test.kiro2/leadership-summit-laravel/vendor/laravel/framework/src/Illuminate/Database/Eloquent/Factories/Factory.php:338
   â”‚ /Users/Apple/Desktop/dev_folder/Dev_project/test.kiro2/leadership-summit-laravel/vendor/laravel/framework/src/Illuminate/Collections/Traits/EnumeratesValues.php:240
   â”‚ /Users/Apple/Desktop/dev_folder/Dev_project/test.kiro2/leadership-summit-laravel/vendor/laravel/framework/src/Illuminate/Database/Eloquent/Factories/Factory.php:333
   â”‚ /Users/Apple/Desktop/dev_folder/Dev_project/test.kiro2/leadership-summit-laravel/vendor/laravel/framework/src/Illuminate/Database/Eloquent/Factories/Factory.php:287
   â”‚ /Users/Apple/Desktop/dev_folder/Dev_project/test.kiro2/leadership-summit-laravel/vendor/laravel/framework/src/Illuminate/Database/Eloquent/Factories/Factory.php:281
   â”‚ /Users/Apple/Desktop/dev_folder/Dev_project/test.kiro2/leadership-summit-laravel/tests/Feature/AdminPaymentValidationTest.php:28
   â”‚
 âœ˜ Admin can view payment transactions
   â”‚
   â”‚ Illuminate\Database\QueryException: SQLSTATE[HY000]: General error: 1 table users has no column named role (Connection: sqlite, SQL: insert into "users" ("name", "email", "email_verified_at", "password", "remember_token", "role_id", "created_at", "updated_at", "role") values (Marques Rempel, admin@test.com, 2025-08-13 11:58:36, $2y$12$m4m8po2pwculFQ/8Dv5sfOZM4ELg76b17sHm2yqFXHPko0kFxVv7C, 5oVis1HPhU, ?, 2025-08-13 11:58:36, 2025-08-13 11:58:36, admin))
   â”‚
   â”‚ /Users/Apple/Desktop/dev_folder/Dev_project/test.kiro2/leadership-summit-laravel/vendor/laravel/framework/src/Illuminate/Database/Connection.php:829
   â”‚ /Users/Apple/Desktop/dev_folder/Dev_project/test.kiro2/leadership-summit-laravel/vendor/laravel/framework/src/Illuminate/Database/Connection.php:783
   â”‚ /Users/Apple/Desktop/dev_folder/Dev_project/test.kiro2/leadership-summit-laravel/vendor/laravel/framework/src/Illuminate/Database/Connection.php:576
   â”‚ /Users/Apple/Desktop/dev_folder/Dev_project/test.kiro2/leadership-summit-laravel/vendor/laravel/framework/src/Illuminate/Database/Connection.php:540
   â”‚ /Users/Apple/Desktop/dev_folder/Dev_project/test.kiro2/leadership-summit-laravel/vendor/laravel/framework/src/Illuminate/Database/Query/Processors/Processor.php:32
   â”‚ /Users/Apple/Desktop/dev_folder/Dev_project/test.kiro2/leadership-summit-laravel/vendor/laravel/framework/src/Illuminate/Database/Query/Builder.php:3549
   â”‚ /Users/Apple/Desktop/dev_folder/Dev_project/test.kiro2/leadership-summit-laravel/vendor/laravel/framework/src/Illuminate/Database/Eloquent/Builder.php:1982
   â”‚ /Users/Apple/Desktop/dev_folder/Dev_project/test.kiro2/leadership-summit-laravel/vendor/laravel/framework/src/Illuminate/Database/Eloquent/Model.php:1334
   â”‚ /Users/Apple/Desktop/dev_folder/Dev_project/test.kiro2/leadership-summit-laravel/vendor/laravel/framework/src/Illuminate/Database/Eloquent/Model.php:1299
   â”‚ /Users/Apple/Desktop/dev_folder/Dev_project/test.kiro2/leadership-summit-laravel/vendor/laravel/framework/src/Illuminate/Database/Eloquent/Model.php:1138
   â”‚ /Users/Apple/Desktop/dev_folder/Dev_project/test.kiro2/leadership-summit-laravel/vendor/laravel/framework/src/Illuminate/Database/Eloquent/Factories/Factory.php:338
   â”‚ /Users/Apple/Desktop/dev_folder/Dev_project/test.kiro2/leadership-summit-laravel/vendor/laravel/framework/src/Illuminate/Collections/Traits/EnumeratesValues.php:240
   â”‚ /Users/Apple/Desktop/dev_folder/Dev_project/test.kiro2/leadership-summit-laravel/vendor/laravel/framework/src/Illuminate/Database/Eloquent/Factories/Factory.php:333
   â”‚ /Users/Apple/Desktop/dev_folder/Dev_project/test.kiro2/leadership-summit-laravel/vendor/laravel/framework/src/Illuminate/Database/Eloquent/Factories/Factory.php:287
   â”‚ /Users/Apple/Desktop/dev_folder/Dev_project/test.kiro2/leadership-summit-laravel/vendor/laravel/framework/src/Illuminate/Database/Eloquent/Factories/Factory.php:281
   â”‚ /Users/Apple/Desktop/dev_folder/Dev_project/test.kiro2/leadership-summit-laravel/tests/Feature/AdminPaymentValidationTest.php:28
   â”‚
 âœ˜ Admin can view registration payment details
   â”‚
   â”‚ Illuminate\Database\QueryException: SQLSTATE[HY000]: General error: 1 table users has no column named role (Connection: sqlite, SQL: insert into "users" ("name", "email", "email_verified_at", "password", "remember_token", "role_id", "created_at", "updated_at", "role") values (Thurman Little, admin@test.com, 2025-08-13 11:58:37, $2y$12$oQwuIxYpDmP.rsnhYsrQweLTO..wFAbjdYo2Gzkn4YHTcvx4/rivO, p7vWShTAKH, ?, 2025-08-13 11:58:37, 2025-08-13 11:58:37, admin))
   â”‚
   â”‚ /Users/Apple/Desktop/dev_folder/Dev_project/test.kiro2/leadership-summit-laravel/vendor/laravel/framework/src/Illuminate/Database/Connection.php:829
   â”‚ /Users/Apple/Desktop/dev_folder/Dev_project/test.kiro2/leadership-summit-laravel/vendor/laravel/framework/src/Illuminate/Database/Connection.php:783
   â”‚ /Users/Apple/Desktop/dev_folder/Dev_project/test.kiro2/leadership-summit-laravel/vendor/laravel/framework/src/Illuminate/Database/Connection.php:576
   â”‚ /Users/Apple/Desktop/dev_folder/Dev_project/test.kiro2/leadership-summit-laravel/vendor/laravel/framework/src/Illuminate/Database/Connection.php:540
   â”‚ /Users/Apple/Desktop/dev_folder/Dev_project/test.kiro2/leadership-summit-laravel/vendor/laravel/framework/src/Illuminate/Database/Query/Processors/Processor.php:32
   â”‚ /Users/Apple/Desktop/dev_folder/Dev_project/test.kiro2/leadership-summit-laravel/vendor/laravel/framework/src/Illuminate/Database/Query/Builder.php:3549
   â”‚ /Users/Apple/Desktop/dev_folder/Dev_project/test.kiro2/leadership-summit-laravel/vendor/laravel/framework/src/Illuminate/Database/Eloquent/Builder.php:1982
   â”‚ /Users/Apple/Desktop/dev_folder/Dev_project/test.kiro2/leadership-summit-laravel/vendor/laravel/framework/src/Illuminate/Database/Eloquent/Model.php:1334
   â”‚ /Users/Apple/Desktop/dev_folder/Dev_project/test.kiro2/leadership-summit-laravel/vendor/laravel/framework/src/Illuminate/Database/Eloquent/Model.php:1299
   â”‚ /Users/Apple/Desktop/dev_folder/Dev_project/test.kiro2/leadership-summit-laravel/vendor/laravel/framework/src/Illuminate/Database/Eloquent/Model.php:1138
   â”‚ /Users/Apple/Desktop/dev_folder/Dev_project/test.kiro2/leadership-summit-laravel/vendor/laravel/framework/src/Illuminate/Database/Eloquent/Factories/Factory.php:338
   â”‚ /Users/Apple/Desktop/dev_folder/Dev_project/test.kiro2/leadership-summit-laravel/vendor/laravel/framework/src/Illuminate/Collections/Traits/EnumeratesValues.php:240
   â”‚ /Users/Apple/Desktop/dev_folder/Dev_project/test.kiro2/leadership-summit-laravel/vendor/laravel/framework/src/Illuminate/Database/Eloquent/Factories/Factory.php:333
   â”‚ /Users/Apple/Desktop/dev_folder/Dev_project/test.kiro2/leadership-summit-laravel/vendor/laravel/framework/src/Illuminate/Database/Eloquent/Factories/Factory.php:287
   â”‚ /Users/Apple/Desktop/dev_folder/Dev_project/test.kiro2/leadership-summit-laravel/vendor/laravel/framework/src/Illuminate/Database/Eloquent/Factories/Factory.php:281
   â”‚ /Users/Apple/Desktop/dev_folder/Dev_project/test.kiro2/leadership-summit-laravel/tests/Feature/AdminPaymentValidationTest.php:28
   â”‚
 âœ˜ Admin registrations index shows payment information
   â”‚
   â”‚ Illuminate\Database\QueryException: SQLSTATE[HY000]: General error: 1 table users has no column named role (Connection: sqlite, SQL: insert into "users" ("name", "email", "email_verified_at", "password", "remember_token", "role_id", "created_at", "updated_at", "role") values (Ofelia Maggio, admin@test.com, 2025-08-13 11:58:37, $2y$12$LnWWo7SpxX5dmVNt5aqVT.QTz/y1YWU0/wFNQ6obSnLwuPxz/m4ZG, U8P9VMpgGt, ?, 2025-08-13 11:58:38, 2025-08-13 11:58:38, admin))
   â”‚
   â”‚ /Users/Apple/Desktop/dev_folder/Dev_project/test.kiro2/leadership-summit-laravel/vendor/laravel/framework/src/Illuminate/Database/Connection.php:829
   â”‚ /Users/Apple/Desktop/dev_folder/Dev_project/test.kiro2/leadership-summit-laravel/vendor/laravel/framework/src/Illuminate/Database/Connection.php:783
   â”‚ /Users/Apple/Desktop/dev_folder/Dev_project/test.kiro2/leadership-summit-laravel/vendor/laravel/framework/src/Illuminate/Database/Connection.php:576
   â”‚ /Users/Apple/Desktop/dev_folder/Dev_project/test.kiro2/leadership-summit-laravel/vendor/laravel/framework/src/Illuminate/Database/Connection.php:540
   â”‚ /Users/Apple/Desktop/dev_folder/Dev_project/test.kiro2/leadership-summit-laravel/vendor/laravel/framework/src/Illuminate/Database/Query/Processors/Processor.php:32
   â”‚ /Users/Apple/Desktop/dev_folder/Dev_project/test.kiro2/leadership-summit-laravel/vendor/laravel/framework/src/Illuminate/Database/Query/Builder.php:3549
   â”‚ /Users/Apple/Desktop/dev_folder/Dev_project/test.kiro2/leadership-summit-laravel/vendor/laravel/framework/src/Illuminate/Database/Eloquent/Builder.php:1982
   â”‚ /Users/Apple/Desktop/dev_folder/Dev_project/test.kiro2/leadership-summit-laravel/vendor/laravel/framework/src/Illuminate/Database/Eloquent/Model.php:1334
   â”‚ /Users/Apple/Desktop/dev_folder/Dev_project/test.kiro2/leadership-summit-laravel/vendor/laravel/framework/src/Illuminate/Database/Eloquent/Model.php:1299
   â”‚ /Users/Apple/Desktop/dev_folder/Dev_project/test.kiro2/leadership-summit-laravel/vendor/laravel/framework/src/Illuminate/Database/Eloquent/Model.php:1138
   â”‚ /Users/Apple/Desktop/dev_folder/Dev_project/test.kiro2/leadership-summit-laravel/vendor/laravel/framework/src/Illuminate/Database/Eloquent/Factories/Factory.php:338
   â”‚ /Users/Apple/Desktop/dev_folder/Dev_project/test.kiro2/leadership-summit-laravel/vendor/laravel/framework/src/Illuminate/Collections/Traits/EnumeratesValues.php:240
   â”‚ /Users/Apple/Desktop/dev_folder/Dev_project/test.kiro2/leadership-summit-laravel/vendor/laravel/framework/src/Illuminate/Database/Eloquent/Factories/Factory.php:333
   â”‚ /Users/Apple/Desktop/dev_folder/Dev_project/test.kiro2/leadership-summit-laravel/vendor/laravel/framework/src/Illuminate/Database/Eloquent/Factories/Factory.php:287
   â”‚ /Users/Apple/Desktop/dev_folder/Dev_project/test.kiro2/leadership-summit-laravel/vendor/laravel/framework/src/Illuminate/Database/Eloquent/Factories/Factory.php:281
   â”‚ /Users/Apple/Desktop/dev_folder/Dev_project/test.kiro2/leadership-summit-laravel/tests/Feature/AdminPaymentValidationTest.php:28
   â”‚
 âœ˜ Admin can test unipayment connection
   â”‚
   â”‚ Illuminate\Database\QueryException: SQLSTATE[HY000]: General error: 1 table users has no column named role (Connection: sqlite, SQL: insert into "users" ("name", "email", "email_verified_at", "password", "remember_token", "role_id", "created_at", "updated_at", "role") values (Miss Adaline Hodkiewicz, admin@test.com, 2025-08-13 11:58:38, $2y$12$yqORsyYf0j47WkPPnipXPepWsjZ7r6wiS9AifuaLNzvQTimELkOcu, YtyDkgWLto, ?, 2025-08-13 11:58:39, 2025-08-13 11:58:39, admin))
   â”‚
   â”‚ /Users/Apple/Desktop/dev_folder/Dev_project/test.kiro2/leadership-summit-laravel/vendor/laravel/framework/src/Illuminate/Database/Connection.php:829
   â”‚ /Users/Apple/Desktop/dev_folder/Dev_project/test.kiro2/leadership-summit-laravel/vendor/laravel/framework/src/Illuminate/Database/Connection.php:783
   â”‚ /Users/Apple/Desktop/dev_folder/Dev_project/test.kiro2/leadership-summit-laravel/vendor/laravel/framework/src/Illuminate/Database/Connection.php:576
   â”‚ /Users/Apple/Desktop/dev_folder/Dev_project/test.kiro2/leadership-summit-laravel/vendor/laravel/framework/src/Illuminate/Database/Connection.php:540
   â”‚ /Users/Apple/Desktop/dev_folder/Dev_project/test.kiro2/leadership-summit-laravel/vendor/laravel/framework/src/Illuminate/Database/Query/Processors/Processor.php:32
   â”‚ /Users/Apple/Desktop/dev_folder/Dev_project/test.kiro2/leadership-summit-laravel/vendor/laravel/framework/src/Illuminate/Database/Query/Builder.php:3549
   â”‚ /Users/Apple/Desktop/dev_folder/Dev_project/test.kiro2/leadership-summit-laravel/vendor/laravel/framework/src/Illuminate/Database/Eloquent/Builder.php:1982
   â”‚ /Users/Apple/Desktop/dev_folder/Dev_project/test.kiro2/leadership-summit-laravel/vendor/laravel/framework/src/Illuminate/Database/Eloquent/Model.php:1334
   â”‚ /Users/Apple/Desktop/dev_folder/Dev_project/test.kiro2/leadership-summit-laravel/vendor/laravel/framework/src/Illuminate/Database/Eloquent/Model.php:1299
   â”‚ /Users/Apple/Desktop/dev_folder/Dev_project/test.kiro2/leadership-summit-laravel/vendor/laravel/framework/src/Illuminate/Database/Eloquent/Model.php:1138
   â”‚ /Users/Apple/Desktop/dev_folder/Dev_project/test.kiro2/leadership-summit-laravel/vendor/laravel/framework/src/Illuminate/Database/Eloquent/Factories/Factory.php:338
   â”‚ /Users/Apple/Desktop/dev_folder/Dev_project/test.kiro2/leadership-summit-laravel/vendor/laravel/framework/src/Illuminate/Collections/Traits/EnumeratesValues.php:240
   â”‚ /Users/Apple/Desktop/dev_folder/Dev_project/test.kiro2/leadership-summit-laravel/vendor/laravel/framework/src/Illuminate/Database/Eloquent/Factories/Factory.php:333
   â”‚ /Users/Apple/Desktop/dev_folder/Dev_project/test.kiro2/leadership-summit-laravel/vendor/laravel/framework/src/Illuminate/Database/Eloquent/Factories/Factory.php:287
   â”‚ /Users/Apple/Desktop/dev_folder/Dev_project/test.kiro2/leadership-summit-laravel/vendor/laravel/framework/src/Illuminate/Database/Eloquent/Factories/Factory.php:281
   â”‚ /Users/Apple/Desktop/dev_folder/Dev_project/test.kiro2/leadership-summit-laravel/tests/Feature/AdminPaymentValidationTest.php:28
   â”‚
 âœ˜ Admin settings validation works
   â”‚
   â”‚ Illuminate\Database\QueryException: SQLSTATE[HY000]: General error: 1 table users has no column named role (Connection: sqlite, SQL: insert into "users" ("name", "email", "email_verified_at", "password", "remember_token", "role_id", "created_at", "updated_at", "role") values (Adelle Wolf, admin@test.com, 2025-08-13 11:58:40, $2y$12$C8SEiNQs6FASTIuAleuQZO5XsevsdfJfVMsKFAiwReo1egQpIM9hW, 9N1wolE3rr, ?, 2025-08-13 11:58:40, 2025-08-13 11:58:40, admin))
   â”‚
   â”‚ /Users/Apple/Desktop/dev_folder/Dev_project/test.kiro2/leadership-summit-laravel/vendor/laravel/framework/src/Illuminate/Database/Connection.php:829
   â”‚ /Users/Apple/Desktop/dev_folder/Dev_project/test.kiro2/leadership-summit-laravel/vendor/laravel/framework/src/Illuminate/Database/Connection.php:783
   â”‚ /Users/Apple/Desktop/dev_folder/Dev_project/test.kiro2/leadership-summit-laravel/vendor/laravel/framework/src/Illuminate/Database/Connection.php:576
   â”‚ /Users/Apple/Desktop/dev_folder/Dev_project/test.kiro2/leadership-summit-laravel/vendor/laravel/framework/src/Illuminate/Database/Connection.php:540
   â”‚ /Users/Apple/Desktop/dev_folder/Dev_project/test.kiro2/leadership-summit-laravel/vendor/laravel/framework/src/Illuminate/Database/Query/Processors/Processor.php:32
   â”‚ /Users/Apple/Desktop/dev_folder/Dev_project/test.kiro2/leadership-summit-laravel/vendor/laravel/framework/src/Illuminate/Database/Query/Builder.php:3549
   â”‚ /Users/Apple/Desktop/dev_folder/Dev_project/test.kiro2/leadership-summit-laravel/vendor/laravel/framework/src/Illuminate/Database/Eloquent/Builder.php:1982
   â”‚ /Users/Apple/Desktop/dev_folder/Dev_project/test.kiro2/leadership-summit-laravel/vendor/laravel/framework/src/Illuminate/Database/Eloquent/Model.php:1334
   â”‚ /Users/Apple/Desktop/dev_folder/Dev_project/test.kiro2/leadership-summit-laravel/vendor/laravel/framework/src/Illuminate/Database/Eloquent/Model.php:1299
   â”‚ /Users/Apple/Desktop/dev_folder/Dev_project/test.kiro2/leadership-summit-laravel/vendor/laravel/framework/src/Illuminate/Database/Eloquent/Model.php:1138
   â”‚ /Users/Apple/Desktop/dev_folder/Dev_project/test.kiro2/leadership-summit-laravel/vendor/laravel/framework/src/Illuminate/Database/Eloquent/Factories/Factory.php:338
   â”‚ /Users/Apple/Desktop/dev_folder/Dev_project/test.kiro2/leadership-summit-laravel/vendor/laravel/framework/src/Illuminate/Collections/Traits/EnumeratesValues.php:240
   â”‚ /Users/Apple/Desktop/dev_folder/Dev_project/test.kiro2/leadership-summit-laravel/vendor/laravel/framework/src/Illuminate/Database/Eloquent/Factories/Factory.php:333
   â”‚ /Users/Apple/Desktop/dev_folder/Dev_project/test.kiro2/leadership-summit-laravel/vendor/laravel/framework/src/Illuminate/Database/Eloquent/Factories/Factory.php:287
   â”‚ /Users/Apple/Desktop/dev_folder/Dev_project/test.kiro2/leadership-summit-laravel/vendor/laravel/framework/src/Illuminate/Database/Eloquent/Factories/Factory.php:281
   â”‚ /Users/Apple/Desktop/dev_folder/Dev_project/test.kiro2/leadership-summit-laravel/tests/Feature/AdminPaymentValidationTest.php:28
   â”‚
 âœ˜ Non admin cannot access payment admin features
   â”‚
   â”‚ Illuminate\Database\QueryException: SQLSTATE[HY000]: General error: 1 table users has no column named role (Connection: sqlite, SQL: insert into "users" ("name", "email", "email_verified_at", "password", "remember_token", "role_id", "created_at", "updated_at", "role") values (Mr. Adrian Sawayn II, admin@test.com, 2025-08-13 11:58:41, $2y$12$jnZXCTvAHVGesMAyUu0r3.S/9DB96h/WqUJlYoahhH6kbMc.oOoaa, qsmp1in86n, ?, 2025-08-13 11:58:41, 2025-08-13 11:58:41, admin))
   â”‚
   â”‚ /Users/Apple/Desktop/dev_folder/Dev_project/test.kiro2/leadership-summit-laravel/vendor/laravel/framework/src/Illuminate/Database/Connection.php:829
   â”‚ /Users/Apple/Desktop/dev_folder/Dev_project/test.kiro2/leadership-summit-laravel/vendor/laravel/framework/src/Illuminate/Database/Connection.php:783
   â”‚ /Users/Apple/Desktop/dev_folder/Dev_project/test.kiro2/leadership-summit-laravel/vendor/laravel/framework/src/Illuminate/Database/Connection.php:576
   â”‚ /Users/Apple/Desktop/dev_folder/Dev_project/test.kiro2/leadership-summit-laravel/vendor/laravel/framework/src/Illuminate/Database/Connection.php:540
   â”‚ /Users/Apple/Desktop/dev_folder/Dev_project/test.kiro2/leadership-summit-laravel/vendor/laravel/framework/src/Illuminate/Database/Query/Processors/Processor.php:32
   â”‚ /Users/Apple/Desktop/dev_folder/Dev_project/test.kiro2/leadership-summit-laravel/vendor/laravel/framework/src/Illuminate/Database/Query/Builder.php:3549
   â”‚ /Users/Apple/Desktop/dev_folder/Dev_project/test.kiro2/leadership-summit-laravel/vendor/laravel/framework/src/Illuminate/Database/Eloquent/Builder.php:1982
   â”‚ /Users/Apple/Desktop/dev_folder/Dev_project/test.kiro2/leadership-summit-laravel/vendor/laravel/framework/src/Illuminate/Database/Eloquent/Model.php:1334
   â”‚ /Users/Apple/Desktop/dev_folder/Dev_project/test.kiro2/leadership-summit-laravel/vendor/laravel/framework/src/Illuminate/Database/Eloquent/Model.php:1299
   â”‚ /Users/Apple/Desktop/dev_folder/Dev_project/test.kiro2/leadership-summit-laravel/vendor/laravel/framework/src/Illuminate/Database/Eloquent/Model.php:1138
   â”‚ /Users/Apple/Desktop/dev_folder/Dev_project/test.kiro2/leadership-summit-laravel/vendor/laravel/framework/src/Illuminate/Database/Eloquent/Factories/Factory.php:338
   â”‚ /Users/Apple/Desktop/dev_folder/Dev_project/test.kiro2/leadership-summit-laravel/vendor/laravel/framework/src/Illuminate/Collections/Traits/EnumeratesValues.php:240
   â”‚ /Users/Apple/Desktop/dev_folder/Dev_project/test.kiro2/leadership-summit-laravel/vendor/laravel/framework/src/Illuminate/Database/Eloquent/Factories/Factory.php:333
   â”‚ /Users/Apple/Desktop/dev_folder/Dev_project/test.kiro2/leadership-summit-laravel/vendor/laravel/framework/src/Illuminate/Database/Eloquent/Factories/Factory.php:287
   â”‚ /Users/Apple/Desktop/dev_folder/Dev_project/test.kiro2/leadership-summit-laravel/vendor/laravel/framework/src/Illuminate/Database/Eloquent/Factories/Factory.php:281
   â”‚ /Users/Apple/Desktop/dev_folder/Dev_project/test.kiro2/leadership-summit-laravel/tests/Feature/AdminPaymentValidationTest.php:28
   â”‚
 âœ˜ Admin can export payment data
   â”‚
   â”‚ Illuminate\Database\QueryException: SQLSTATE[HY000]: General error: 1 table users has no column named role (Connection: sqlite, SQL: insert into "users" ("name", "email", "email_verified_at", "password", "remember_token", "role_id", "created_at", "updated_at", "role") values (Mrs. Laisha Krajcik, admin@test.com, 2025-08-13 11:58:42, $2y$12$FbFCwzXLwmUFzVffxygnOOH835yoVXVs4mlLt2ViJJLrm6c6rFRam, mCyZCSGAxZ, ?, 2025-08-13 11:58:42, 2025-08-13 11:58:42, admin))
   â”‚
   â”‚ /Users/Apple/Desktop/dev_folder/Dev_project/test.kiro2/leadership-summit-laravel/vendor/laravel/framework/src/Illuminate/Database/Connection.php:829
   â”‚ /Users/Apple/Desktop/dev_folder/Dev_project/test.kiro2/leadership-summit-laravel/vendor/laravel/framework/src/Illuminate/Database/Connection.php:783
   â”‚ /Users/Apple/Desktop/dev_folder/Dev_project/test.kiro2/leadership-summit-laravel/vendor/laravel/framework/src/Illuminate/Database/Connection.php:576
   â”‚ /Users/Apple/Desktop/dev_folder/Dev_project/test.kiro2/leadership-summit-laravel/vendor/laravel/framework/src/Illuminate/Database/Connection.php:540
   â”‚ /Users/Apple/Desktop/dev_folder/Dev_project/test.kiro2/leadership-summit-laravel/vendor/laravel/framework/src/Illuminate/Database/Query/Processors/Processor.php:32
   â”‚ /Users/Apple/Desktop/dev_folder/Dev_project/test.kiro2/leadership-summit-laravel/vendor/laravel/framework/src/Illuminate/Database/Query/Builder.php:3549
   â”‚ /Users/Apple/Desktop/dev_folder/Dev_project/test.kiro2/leadership-summit-laravel/vendor/laravel/framework/src/Illuminate/Database/Eloquent/Builder.php:1982
   â”‚ /Users/Apple/Desktop/dev_folder/Dev_project/test.kiro2/leadership-summit-laravel/vendor/laravel/framework/src/Illuminate/Database/Eloquent/Model.php:1334
   â”‚ /Users/Apple/Desktop/dev_folder/Dev_project/test.kiro2/leadership-summit-laravel/vendor/laravel/framework/src/Illuminate/Database/Eloquent/Model.php:1299
   â”‚ /Users/Apple/Desktop/dev_folder/Dev_project/test.kiro2/leadership-summit-laravel/vendor/laravel/framework/src/Illuminate/Database/Eloquent/Model.php:1138
   â”‚ /Users/Apple/Desktop/dev_folder/Dev_project/test.kiro2/leadership-summit-laravel/vendor/laravel/framework/src/Illuminate/Database/Eloquent/Factories/Factory.php:338
   â”‚ /Users/Apple/Desktop/dev_folder/Dev_project/test.kiro2/leadership-summit-laravel/vendor/laravel/framework/src/Illuminate/Collections/Traits/EnumeratesValues.php:240
   â”‚ /Users/Apple/Desktop/dev_folder/Dev_project/test.kiro2/leadership-summit-laravel/vendor/laravel/framework/src/Illuminate/Database/Eloquent/Factories/Factory.php:333
   â”‚ /Users/Apple/Desktop/dev_folder/Dev_project/test.kiro2/leadership-summit-laravel/vendor/laravel/framework/src/Illuminate/Database/Eloquent/Factories/Factory.php:287
   â”‚ /Users/Apple/Desktop/dev_folder/Dev_project/test.kiro2/leadership-summit-laravel/vendor/laravel/framework/src/Illuminate/Database/Eloquent/Factories/Factory.php:281
   â”‚ /Users/Apple/Desktop/dev_folder/Dev_project/test.kiro2/leadership-summit-laravel/tests/Feature/AdminPaymentValidationTest.php:28
   â”‚
 âœ˜ Admin dashboard shows payment statistics
   â”‚
   â”‚ Illuminate\Database\QueryException: SQLSTATE[HY000]: General error: 1 table users has no column named role (Connection: sqlite, SQL: insert into "users" ("name", "email", "email_verified_at", "password", "remember_token", "role_id", "created_at", "updated_at", "role") values (Bernita Russel, admin@test.com, 2025-08-13 11:58:43, $2y$12$b77p8Fw2yDQaNLPEdvuk2eaMXy6U4k.RNxmmE3Vr6vQkoaTaDgq5K, wVOPBPsZ1a, ?, 2025-08-13 11:58:43, 2025-08-13 11:58:43, admin))
   â”‚
   â”‚ /Users/Apple/Desktop/dev_folder/Dev_project/test.kiro2/leadership-summit-laravel/vendor/laravel/framework/src/Illuminate/Database/Connection.php:829
   â”‚ /Users/Apple/Desktop/dev_folder/Dev_project/test.kiro2/leadership-summit-laravel/vendor/laravel/framework/src/Illuminate/Database/Connection.php:783
   â”‚ /Users/Apple/Desktop/dev_folder/Dev_project/test.kiro2/leadership-summit-laravel/vendor/laravel/framework/src/Illuminate/Database/Connection.php:576
   â”‚ /Users/Apple/Desktop/dev_folder/Dev_project/test.kiro2/leadership-summit-laravel/vendor/laravel/framework/src/Illuminate/Database/Connection.php:540
   â”‚ /Users/Apple/Desktop/dev_folder/Dev_project/test.kiro2/leadership-summit-laravel/vendor/laravel/framework/src/Illuminate/Database/Query/Processors/Processor.php:32
   â”‚ /Users/Apple/Desktop/dev_folder/Dev_project/test.kiro2/leadership-summit-laravel/vendor/laravel/framework/src/Illuminate/Database/Query/Builder.php:3549
   â”‚ /Users/Apple/Desktop/dev_folder/Dev_project/test.kiro2/leadership-summit-laravel/vendor/laravel/framework/src/Illuminate/Database/Eloquent/Builder.php:1982
   â”‚ /Users/Apple/Desktop/dev_folder/Dev_project/test.kiro2/leadership-summit-laravel/vendor/laravel/framework/src/Illuminate/Database/Eloquent/Model.php:1334
   â”‚ /Users/Apple/Desktop/dev_folder/Dev_project/test.kiro2/leadership-summit-laravel/vendor/laravel/framework/src/Illuminate/Database/Eloquent/Model.php:1299
   â”‚ /Users/Apple/Desktop/dev_folder/Dev_project/test.kiro2/leadership-summit-laravel/vendor/laravel/framework/src/Illuminate/Database/Eloquent/Model.php:1138
   â”‚ /Users/Apple/Desktop/dev_folder/Dev_project/test.kiro2/leadership-summit-laravel/vendor/laravel/framework/src/Illuminate/Database/Eloquent/Factories/Factory.php:338
   â”‚ /Users/Apple/Desktop/dev_folder/Dev_project/test.kiro2/leadership-summit-laravel/vendor/laravel/framework/src/Illuminate/Collections/Traits/EnumeratesValues.php:240
   â”‚ /Users/Apple/Desktop/dev_folder/Dev_project/test.kiro2/leadership-summit-laravel/vendor/laravel/framework/src/Illuminate/Database/Eloquent/Factories/Factory.php:333
   â”‚ /Users/Apple/Desktop/dev_folder/Dev_project/test.kiro2/leadership-summit-laravel/vendor/laravel/framework/src/Illuminate/Database/Eloquent/Factories/Factory.php:287
   â”‚ /Users/Apple/Desktop/dev_folder/Dev_project/test.kiro2/leadership-summit-laravel/vendor/laravel/framework/src/Illuminate/Database/Eloquent/Factories/Factory.php:281
   â”‚ /Users/Apple/Desktop/dev_folder/Dev_project/test.kiro2/leadership-summit-laravel/tests/Feature/AdminPaymentValidationTest.php:28
   â”‚

ERRORS!
Tests: 9, Assertions: 0, Errors: 9.
