<?xml version="1.0" encoding="UTF-8"?>
<testsuites>
  <testsuite name="Tests\Feature\PaymentJourneyValidationTest" file="/Users/Apple/Desktop/dev_folder/Dev_project/test.kiro2/leadership-summit-laravel/tests/Feature/PaymentJourneyValidationTest.php" tests="7" assertions="38" errors="0" failures="0" skipped="0" time="0.927575">
    <testcase name="user_can_complete_registration_and_payment_flow" file="/Users/Apple/Desktop/dev_folder/Dev_project/test.kiro2/leadership-summit-laravel/tests/Feature/PaymentJourneyValidationTest.php" line="54" class="Tests\Feature\PaymentJourneyValidationTest" classname="Tests.Feature.PaymentJourneyValidationTest" assertions="10" time="0.228387"/>
    <testcase name="payment_failure_is_handled_correctly" file="/Users/Apple/Desktop/dev_folder/Dev_project/test.kiro2/leadership-summit-laravel/tests/Feature/PaymentJourneyValidationTest.php" line="110" class="Tests\Feature\PaymentJourneyValidationTest" classname="Tests.Feature.PaymentJourneyValidationTest" assertions="3" time="0.034834"/>
    <testcase name="admin_can_view_payment_data" file="/Users/Apple/Desktop/dev_folder/Dev_project/test.kiro2/leadership-summit-laravel/tests/Feature/PaymentJourneyValidationTest.php" line="141" class="Tests\Feature\PaymentJourneyValidationTest" classname="Tests.Feature.PaymentJourneyValidationTest" assertions="3" time="0.518503"/>
    <testcase name="payment_security_validations_work" file="/Users/Apple/Desktop/dev_folder/Dev_project/test.kiro2/leadership-summit-laravel/tests/Feature/PaymentJourneyValidationTest.php" line="182" class="Tests\Feature\PaymentJourneyValidationTest" classname="Tests.Feature.PaymentJourneyValidationTest" assertions="5" time="0.034588"/>
    <testcase name="concurrent_registrations_are_handled_safely" file="/Users/Apple/Desktop/dev_folder/Dev_project/test.kiro2/leadership-summit-laravel/tests/Feature/PaymentJourneyValidationTest.php" line="205" class="Tests\Feature\PaymentJourneyValidationTest" classname="Tests.Feature.PaymentJourneyValidationTest" assertions="3" time="0.038375"/>
    <testcase name="data_integrity_is_maintained_throughout_journey" file="/Users/Apple/Desktop/dev_folder/Dev_project/test.kiro2/leadership-summit-laravel/tests/Feature/PaymentJourneyValidationTest.php" line="246" class="Tests\Feature\PaymentJourneyValidationTest" classname="Tests.Feature.PaymentJourneyValidationTest" assertions="9" time="0.037933"/>
    <testcase name="error_recovery_mechanisms_work" file="/Users/Apple/Desktop/dev_folder/Dev_project/test.kiro2/leadership-summit-laravel/tests/Feature/PaymentJourneyValidationTest.php" line="295" class="Tests\Feature\PaymentJourneyValidationTest" classname="Tests.Feature.PaymentJourneyValidationTest" assertions="5" time="0.034955"/>
  </testsuite>
</testsuites>
