PHPUnit 10.5.48 by Sebastian Bergmann and contributors.

Runtime:       PHP 8.4.11
Configuration: /Users/Apple/Desktop/dev_folder/Dev_project/test.kiro2/leadership-summit-laravel/phpunit.xml


   FAIL  Tests\Feature\EndToEndPaymentJourneyTest
  â¨¯ complete card payment user journey works correctly                   0.28s  
  â¨¯ payment method switching preserves registration data                 0.03s  
  â¨¯ payment failure recovery flow works                                  0.03s  
  â¨¯ session timeout handling works correctly                             0.03s  
  â¨¯ duplicate registration prevention works with card payments           0.03s  
  â¨¯ payment amount validation works                                      0.04s  
  â”€â”€â”€â”€â”€â”€â”€â”€â”€â”€â”€â”€â”€â”€â”€â”€â”€â”€â”€â”€â”€â”€â”€â”€â”€â”€â”€â”€â”€â”€â”€â”€â”€â”€â”€â”€â”€â”€â”€â”€â”€â”€â”€â”€â”€â”€â”€â”€â”€â”€â”€â”€â”€â”€â”€â”€â”€â”€â”€â”€â”€â”€â”€â”€â”€â”€â”€â”€â”€â”€â”€â”€â”€â”€â”€â”€  
   FAILED  Tests\Feature\EndToEndPaymentJourneyTestâ€¦   UrlGenerationException   
  Missing required parameter for [Route: registrations.store] [URI: events/{event}/register-auth] [Missing parameter: event].

  at vendor/laravel/framework/src/Illuminate/Routing/Exceptions/UrlGenerationException.php:35
     31â–•         }
     32â–• 
     33â–•         $message .= '.';
     34â–• 
  âžœ  35â–•         return new static($message);
     36â–•     }
     37â–• }
     38â–•

      [2m+5 vendor frames [22m
  6   tests/Feature/EndToEndPaymentJourneyTest.php:79

  â”€â”€â”€â”€â”€â”€â”€â”€â”€â”€â”€â”€â”€â”€â”€â”€â”€â”€â”€â”€â”€â”€â”€â”€â”€â”€â”€â”€â”€â”€â”€â”€â”€â”€â”€â”€â”€â”€â”€â”€â”€â”€â”€â”€â”€â”€â”€â”€â”€â”€â”€â”€â”€â”€â”€â”€â”€â”€â”€â”€â”€â”€â”€â”€â”€â”€â”€â”€â”€â”€â”€â”€â”€â”€â”€â”€  
   FAILED  Tests\Feature\EndToEndPaymentJourneyTestâ€¦   UrlGenerationException   
  Missing required parameter for [Route: registrations.store] [URI: events/{event}/register-auth] [Missing parameter: event].

  at vendor/laravel/framework/src/Illuminate/Routing/Exceptions/UrlGenerationException.php:35
     31â–•         }
     32â–• 
     33â–•         $message .= '.';
     34â–• 
  âžœ  35â–•         return new static($message);
     36â–•     }
     37â–• }
     38â–•

      [2m+5 vendor frames [22m
  6   tests/Feature/EndToEndPaymentJourneyTest.php:147

  â”€â”€â”€â”€â”€â”€â”€â”€â”€â”€â”€â”€â”€â”€â”€â”€â”€â”€â”€â”€â”€â”€â”€â”€â”€â”€â”€â”€â”€â”€â”€â”€â”€â”€â”€â”€â”€â”€â”€â”€â”€â”€â”€â”€â”€â”€â”€â”€â”€â”€â”€â”€â”€â”€â”€â”€â”€â”€â”€â”€â”€â”€â”€â”€â”€â”€â”€â”€â”€â”€â”€â”€â”€â”€â”€â”€  
   FAILED  Tests\Feature\EndToEndPaymentJourneyTestâ€¦   UrlGenerationException   
  Missing required parameter for [Route: registrations.store] [URI: events/{event}/register-auth] [Missing parameter: event].

  at vendor/laravel/framework/src/Illuminate/Routing/Exceptions/UrlGenerationException.php:35
     31â–•         }
     32â–• 
     33â–•         $message .= '.';
     34â–• 
  âžœ  35â–•         return new static($message);
     36â–•     }
     37â–• }
     38â–•

      [2m+5 vendor frames [22m
  6   tests/Feature/EndToEndPaymentJourneyTest.php:196

  â”€â”€â”€â”€â”€â”€â”€â”€â”€â”€â”€â”€â”€â”€â”€â”€â”€â”€â”€â”€â”€â”€â”€â”€â”€â”€â”€â”€â”€â”€â”€â”€â”€â”€â”€â”€â”€â”€â”€â”€â”€â”€â”€â”€â”€â”€â”€â”€â”€â”€â”€â”€â”€â”€â”€â”€â”€â”€â”€â”€â”€â”€â”€â”€â”€â”€â”€â”€â”€â”€â”€â”€â”€â”€â”€â”€  
   FAILED  Tests\Feature\EndToEndPaymentJourneyTestâ€¦   UrlGenerationException   
  Missing required parameter for [Route: registrations.store] [URI: events/{event}/register-auth] [Missing parameter: event].

  at vendor/laravel/framework/src/Illuminate/Routing/Exceptions/UrlGenerationException.php:35
     31â–•         }
     32â–• 
     33â–•         $message .= '.';
     34â–• 
  âžœ  35â–•         return new static($message);
     36â–•     }
     37â–• }
     38â–•

      [2m+5 vendor frames [22m
  6   tests/Feature/EndToEndPaymentJourneyTest.php:242

  â”€â”€â”€â”€â”€â”€â”€â”€â”€â”€â”€â”€â”€â”€â”€â”€â”€â”€â”€â”€â”€â”€â”€â”€â”€â”€â”€â”€â”€â”€â”€â”€â”€â”€â”€â”€â”€â”€â”€â”€â”€â”€â”€â”€â”€â”€â”€â”€â”€â”€â”€â”€â”€â”€â”€â”€â”€â”€â”€â”€â”€â”€â”€â”€â”€â”€â”€â”€â”€â”€â”€â”€â”€â”€â”€â”€  
   FAILED  Tests\Feature\EndToEndPaymentJourneyTestâ€¦   UrlGenerationException   
  Missing required parameter for [Route: registrations.store] [URI: events/{event}/register-auth] [Missing parameter: event].

  at vendor/laravel/framework/src/Illuminate/Routing/Exceptions/UrlGenerationException.php:35
     31â–•         }
     32â–• 
     33â–•         $message .= '.';
     34â–• 
  âžœ  35â–•         return new static($message);
     36â–•     }
     37â–• }
     38â–•

      [2m+5 vendor frames [22m
  6   tests/Feature/EndToEndPaymentJourneyTest.php:269

  â”€â”€â”€â”€â”€â”€â”€â”€â”€â”€â”€â”€â”€â”€â”€â”€â”€â”€â”€â”€â”€â”€â”€â”€â”€â”€â”€â”€â”€â”€â”€â”€â”€â”€â”€â”€â”€â”€â”€â”€â”€â”€â”€â”€â”€â”€â”€â”€â”€â”€â”€â”€â”€â”€â”€â”€â”€â”€â”€â”€â”€â”€â”€â”€â”€â”€â”€â”€â”€â”€â”€â”€â”€â”€â”€â”€  
   FAILED  Tests\Feature\EndToEndPaymentJourneyTestâ€¦   UrlGenerationException   
  Missing required parameter for [Route: registrations.store] [URI: events/{event}/register-auth] [Missing parameter: event].

  at vendor/laravel/framework/src/Illuminate/Routing/Exceptions/UrlGenerationException.php:35
     31â–•         }
     32â–• 
     33â–•         $message .= '.';
     34â–• 
  âžœ  35â–•         return new static($message);
     36â–•     }
     37â–• }
     38â–•

      [2m+5 vendor frames [22m
  6   tests/Feature/EndToEndPaymentJourneyTest.php:315


  Tests:    6 failed (3 assertions)
  Duration: 0.51s

Time: 00:00.481, Memory: 44.50 MB

End To End Payment Journey (Tests\Feature\EndToEndPaymentJourney)
 âœ˜ Complete card payment user journey works correctly
   â”‚
   â”‚ Illuminate\Routing\Exceptions\UrlGenerationException: Missing required parameter for [Route: registrations.store] [URI: events/{event}/register-auth] [Missing parameter: event].
   â”‚
   â”‚ /Users/Apple/Desktop/dev_folder/Dev_project/test.kiro2/leadership-summit-laravel/vendor/laravel/framework/src/Illuminate/Routing/Exceptions/UrlGenerationException.php:35
   â”‚ /Users/Apple/Desktop/dev_folder/Dev_project/test.kiro2/leadership-summit-laravel/vendor/laravel/framework/src/Illuminate/Routing/RouteUrlGenerator.php:90
   â”‚ /Users/Apple/Desktop/dev_folder/Dev_project/test.kiro2/leadership-summit-laravel/vendor/laravel/framework/src/Illuminate/Routing/UrlGenerator.php:500
   â”‚ /Users/Apple/Desktop/dev_folder/Dev_project/test.kiro2/leadership-summit-laravel/vendor/laravel/framework/src/Illuminate/Routing/UrlGenerator.php:469
   â”‚ /Users/Apple/Desktop/dev_folder/Dev_project/test.kiro2/leadership-summit-laravel/vendor/laravel/framework/src/Illuminate/Foundation/helpers.php:811
   â”‚ /Users/Apple/Desktop/dev_folder/Dev_project/test.kiro2/leadership-summit-laravel/tests/Feature/EndToEndPaymentJourneyTest.php:79
   â”‚
 âœ˜ Payment method switching preserves registration data
   â”‚
   â”‚ Illuminate\Routing\Exceptions\UrlGenerationException: Missing required parameter for [Route: registrations.store] [URI: events/{event}/register-auth] [Missing parameter: event].
   â”‚
   â”‚ /Users/Apple/Desktop/dev_folder/Dev_project/test.kiro2/leadership-summit-laravel/vendor/laravel/framework/src/Illuminate/Routing/Exceptions/UrlGenerationException.php:35
   â”‚ /Users/Apple/Desktop/dev_folder/Dev_project/test.kiro2/leadership-summit-laravel/vendor/laravel/framework/src/Illuminate/Routing/RouteUrlGenerator.php:90
   â”‚ /Users/Apple/Desktop/dev_folder/Dev_project/test.kiro2/leadership-summit-laravel/vendor/laravel/framework/src/Illuminate/Routing/UrlGenerator.php:500
   â”‚ /Users/Apple/Desktop/dev_folder/Dev_project/test.kiro2/leadership-summit-laravel/vendor/laravel/framework/src/Illuminate/Routing/UrlGenerator.php:469
   â”‚ /Users/Apple/Desktop/dev_folder/Dev_project/test.kiro2/leadership-summit-laravel/vendor/laravel/framework/src/Illuminate/Foundation/helpers.php:811
   â”‚ /Users/Apple/Desktop/dev_folder/Dev_project/test.kiro2/leadership-summit-laravel/tests/Feature/EndToEndPaymentJourneyTest.php:147
   â”‚
 âœ˜ Payment failure recovery flow works
   â”‚
   â”‚ Illuminate\Routing\Exceptions\UrlGenerationException: Missing required parameter for [Route: registrations.store] [URI: events/{event}/register-auth] [Missing parameter: event].
   â”‚
   â”‚ /Users/Apple/Desktop/dev_folder/Dev_project/test.kiro2/leadership-summit-laravel/vendor/laravel/framework/src/Illuminate/Routing/Exceptions/UrlGenerationException.php:35
   â”‚ /Users/Apple/Desktop/dev_folder/Dev_project/test.kiro2/leadership-summit-laravel/vendor/laravel/framework/src/Illuminate/Routing/RouteUrlGenerator.php:90
   â”‚ /Users/Apple/Desktop/dev_folder/Dev_project/test.kiro2/leadership-summit-laravel/vendor/laravel/framework/src/Illuminate/Routing/UrlGenerator.php:500
   â”‚ /Users/Apple/Desktop/dev_folder/Dev_project/test.kiro2/leadership-summit-laravel/vendor/laravel/framework/src/Illuminate/Routing/UrlGenerator.php:469
   â”‚ /Users/Apple/Desktop/dev_folder/Dev_project/test.kiro2/leadership-summit-laravel/vendor/laravel/framework/src/Illuminate/Foundation/helpers.php:811
   â”‚ /Users/Apple/Desktop/dev_folder/Dev_project/test.kiro2/leadership-summit-laravel/tests/Feature/EndToEndPaymentJourneyTest.php:196
   â”‚
 âœ˜ Session timeout handling works correctly
   â”‚
   â”‚ Illuminate\Routing\Exceptions\UrlGenerationException: Missing required parameter for [Route: registrations.store] [URI: events/{event}/register-auth] [Missing parameter: event].
   â”‚
   â”‚ /Users/Apple/Desktop/dev_folder/Dev_project/test.kiro2/leadership-summit-laravel/vendor/laravel/framework/src/Illuminate/Routing/Exceptions/UrlGenerationException.php:35
   â”‚ /Users/Apple/Desktop/dev_folder/Dev_project/test.kiro2/leadership-summit-laravel/vendor/laravel/framework/src/Illuminate/Routing/RouteUrlGenerator.php:90
   â”‚ /Users/Apple/Desktop/dev_folder/Dev_project/test.kiro2/leadership-summit-laravel/vendor/laravel/framework/src/Illuminate/Routing/UrlGenerator.php:500
   â”‚ /Users/Apple/Desktop/dev_folder/Dev_project/test.kiro2/leadership-summit-laravel/vendor/laravel/framework/src/Illuminate/Routing/UrlGenerator.php:469
   â”‚ /Users/Apple/Desktop/dev_folder/Dev_project/test.kiro2/leadership-summit-laravel/vendor/laravel/framework/src/Illuminate/Foundation/helpers.php:811
   â”‚ /Users/Apple/Desktop/dev_folder/Dev_project/test.kiro2/leadership-summit-laravel/tests/Feature/EndToEndPaymentJourneyTest.php:242
   â”‚
 âœ˜ Duplicate registration prevention works with card payments
   â”‚
   â”‚ Illuminate\Routing\Exceptions\UrlGenerationException: Missing required parameter for [Route: registrations.store] [URI: events/{event}/register-auth] [Missing parameter: event].
   â”‚
   â”‚ /Users/Apple/Desktop/dev_folder/Dev_project/test.kiro2/leadership-summit-laravel/vendor/laravel/framework/src/Illuminate/Routing/Exceptions/UrlGenerationException.php:35
   â”‚ /Users/Apple/Desktop/dev_folder/Dev_project/test.kiro2/leadership-summit-laravel/vendor/laravel/framework/src/Illuminate/Routing/RouteUrlGenerator.php:90
   â”‚ /Users/Apple/Desktop/dev_folder/Dev_project/test.kiro2/leadership-summit-laravel/vendor/laravel/framework/src/Illuminate/Routing/UrlGenerator.php:500
   â”‚ /Users/Apple/Desktop/dev_folder/Dev_project/test.kiro2/leadership-summit-laravel/vendor/laravel/framework/src/Illuminate/Routing/UrlGenerator.php:469
   â”‚ /Users/Apple/Desktop/dev_folder/Dev_project/test.kiro2/leadership-summit-laravel/vendor/laravel/framework/src/Illuminate/Foundation/helpers.php:811
   â”‚ /Users/Apple/Desktop/dev_folder/Dev_project/test.kiro2/leadership-summit-laravel/tests/Feature/EndToEndPaymentJourneyTest.php:269
   â”‚
 âœ˜ Payment amount validation works
   â”‚
   â”‚ Illuminate\Routing\Exceptions\UrlGenerationException: Missing required parameter for [Route: registrations.store] [URI: events/{event}/register-auth] [Missing parameter: event].
   â”‚
   â”‚ /Users/Apple/Desktop/dev_folder/Dev_project/test.kiro2/leadership-summit-laravel/vendor/laravel/framework/src/Illuminate/Routing/Exceptions/UrlGenerationException.php:35
   â”‚ /Users/Apple/Desktop/dev_folder/Dev_project/test.kiro2/leadership-summit-laravel/vendor/laravel/framework/src/Illuminate/Routing/RouteUrlGenerator.php:90
   â”‚ /Users/Apple/Desktop/dev_folder/Dev_project/test.kiro2/leadership-summit-laravel/vendor/laravel/framework/src/Illuminate/Routing/UrlGenerator.php:500
   â”‚ /Users/Apple/Desktop/dev_folder/Dev_project/test.kiro2/leadership-summit-laravel/vendor/laravel/framework/src/Illuminate/Routing/UrlGenerator.php:469
   â”‚ /Users/Apple/Desktop/dev_folder/Dev_project/test.kiro2/leadership-summit-laravel/vendor/laravel/framework/src/Illuminate/Foundation/helpers.php:811
   â”‚ /Users/Apple/Desktop/dev_folder/Dev_project/test.kiro2/leadership-summit-laravel/tests/Feature/EndToEndPaymentJourneyTest.php:315
   â”‚

ERRORS!
Tests: 6, Assertions: 3, Errors: 6.
