<?xml version="1.0" encoding="UTF-8"?>
<testsuites>
  <testsuite name="Tests\Feature\PaymentIntegrationTestSuite" file="/Users/Apple/Desktop/dev_folder/Dev_project/test.kiro2/leadership-summit-laravel/tests/Feature/PaymentIntegrationTestSuite.php" tests="11" assertions="102" errors="0" failures="0" skipped="0" time="0.880241">
    <testcase name="database_schema_is_properly_configured" file="/Users/Apple/Desktop/dev_folder/Dev_project/test.kiro2/leadership-summit-laravel/tests/Feature/PaymentIntegrationTestSuite.php" line="16" class="Tests\Feature\PaymentIntegrationTestSuite" classname="Tests.Feature.PaymentIntegrationTestSuite" assertions="36" time="0.207168"/>
    <testcase name="all_required_routes_are_registered" file="/Users/Apple/Desktop/dev_folder/Dev_project/test.kiro2/leadership-summit-laravel/tests/Feature/PaymentIntegrationTestSuite.php" line="97" class="Tests\Feature\PaymentIntegrationTestSuite" classname="Tests.Feature.PaymentIntegrationTestSuite" assertions="16" time="0.032705"/>
    <testcase name="all_required_middleware_is_configured" file="/Users/Apple/Desktop/dev_folder/Dev_project/test.kiro2/leadership-summit-laravel/tests/Feature/PaymentIntegrationTestSuite.php" line="132" class="Tests\Feature\PaymentIntegrationTestSuite" classname="Tests.Feature.PaymentIntegrationTestSuite" assertions="6" time="0.083982"/>
    <testcase name="all_required_models_exist_and_have_proper_relationships" file="/Users/Apple/Desktop/dev_folder/Dev_project/test.kiro2/leadership-summit-laravel/tests/Feature/PaymentIntegrationTestSuite.php" line="157" class="Tests\Feature\PaymentIntegrationTestSuite" classname="Tests.Feature.PaymentIntegrationTestSuite" assertions="9" time="0.051464"/>
    <testcase name="all_required_services_are_configured" file="/Users/Apple/Desktop/dev_folder/Dev_project/test.kiro2/leadership-summit-laravel/tests/Feature/PaymentIntegrationTestSuite.php" line="194" class="Tests\Feature\PaymentIntegrationTestSuite" classname="Tests.Feature.PaymentIntegrationTestSuite" assertions="3" time="0.151556"/>
    <testcase name="all_required_controllers_exist" file="/Users/Apple/Desktop/dev_folder/Dev_project/test.kiro2/leadership-summit-laravel/tests/Feature/PaymentIntegrationTestSuite.php" line="216" class="Tests\Feature\PaymentIntegrationTestSuite" classname="Tests.Feature.PaymentIntegrationTestSuite" assertions="4" time="0.060036"/>
    <testcase name="all_required_views_exist" file="/Users/Apple/Desktop/dev_folder/Dev_project/test.kiro2/leadership-summit-laravel/tests/Feature/PaymentIntegrationTestSuite.php" line="234" class="Tests\Feature\PaymentIntegrationTestSuite" classname="Tests.Feature.PaymentIntegrationTestSuite" assertions="10" time="0.048390"/>
    <testcase name="configuration_files_are_properly_set" file="/Users/Apple/Desktop/dev_folder/Dev_project/test.kiro2/leadership-summit-laravel/tests/Feature/PaymentIntegrationTestSuite.php" line="258" class="Tests\Feature\PaymentIntegrationTestSuite" classname="Tests.Feature.PaymentIntegrationTestSuite" assertions="7" time="0.073490"/>
    <testcase name="artisan_commands_are_registered" file="/Users/Apple/Desktop/dev_folder/Dev_project/test.kiro2/leadership-summit-laravel/tests/Feature/PaymentIntegrationTestSuite.php" line="290" class="Tests\Feature\PaymentIntegrationTestSuite" classname="Tests.Feature.PaymentIntegrationTestSuite" assertions="1" time="0.085972"/>
    <testcase name="environment_variables_are_documented" file="/Users/Apple/Desktop/dev_folder/Dev_project/test.kiro2/leadership-summit-laravel/tests/Feature/PaymentIntegrationTestSuite.php" line="308" class="Tests\Feature\PaymentIntegrationTestSuite" classname="Tests.Feature.PaymentIntegrationTestSuite" assertions="4" time="0.042370"/>
    <testcase name="payment_validation_rules_are_comprehensive" file="/Users/Apple/Desktop/dev_folder/Dev_project/test.kiro2/leadership-summit-laravel/tests/Feature/PaymentIntegrationTestSuite.php" line="333" class="Tests\Feature\PaymentIntegrationTestSuite" classname="Tests.Feature.PaymentIntegrationTestSuite" assertions="6" time="0.043109"/>
  </testsuite>
</testsuites>
